<?xml version="1.0" encoding="UTF-8"?>
<testsuite name="org.deg.uni.utils.ExtensionFunctionsKtTest" tests="4" skipped="0" failures="0" errors="0" timestamp="2022-05-02T12:58:02" hostname="Hans" time="0.691">
  <properties/>
  <testcase name="subSets()" classname="org.deg.uni.utils.ExtensionFunctionsKtTest" time="0.163"/>
  <testcase name="partition()" classname="org.deg.uni.utils.ExtensionFunctionsKtTest" time="0.492"/>
  <testcase name="factorial()" classname="org.deg.uni.utils.ExtensionFunctionsKtTest" time="0.005"/>
  <testcase name="permute()" classname="org.deg.uni.utils.ExtensionFunctionsKtTest" time="0.016"/>
  <system-out><![CDATA[[1]
[1, 2]
[1, 2, 3]
[1, 2, 3, 4]
[1, 2, 4]
[1, 2, 4, 3]
[1, 3]
[1, 3, 2]
[1, 3, 2, 4]
[1, 3, 4]
[1, 3, 4, 2]
[1, 4]
[1, 4, 2]
[1, 4, 2, 3]
[1, 4, 3]
[1, 4, 3, 2]
[2]
[2, 1]
[2, 1, 3]
[2, 1, 3, 4]
[2, 1, 4]
[2, 1, 4, 3]
[2, 3]
[2, 3, 1]
[2, 3, 1, 4]
[2, 3, 4]
[2, 3, 4, 1]
[2, 4]
[2, 4, 1]
[2, 4, 1, 3]
[2, 4, 3]
[2, 4, 3, 1]
[3]
[3, 1]
[3, 1, 2]
[3, 1, 2, 4]
[3, 1, 4]
[3, 1, 4, 2]
[3, 2]
[3, 2, 1]
[3, 2, 1, 4]
[3, 2, 4]
[3, 2, 4, 1]
[3, 4]
[3, 4, 1]
[3, 4, 1, 2]
[3, 4, 2]
[3, 4, 2, 1]
[4]
[4, 1]
[4, 1, 2]
[4, 1, 2, 3]
[4, 1, 3]
[4, 1, 3, 2]
[4, 2]
[4, 2, 1]
[4, 2, 1, 3]
[4, 2, 3]
[4, 2, 3, 1]
[4, 3]
[4, 3, 1]
[4, 3, 1, 2]
[4, 3, 2]
[4, 3, 2, 1]
[]
[[1, 2, 3, 4]]
[[1], [2, 3, 4]]
[[1, 2], [3, 4]]
[[1, 2, 3], [4]]
[[1], [2], [3, 4]]
[[1], [2, 3], [4]]
[[1, 2], [3], [4]]
[[1], [2], [3], [4]]
[[1], [2, 3, 4, 5, 6, 7, 8, 9, 10]]
[[1, 2], [3, 4, 5, 6, 7, 8, 9, 10]]
[[1, 2, 3], [4, 5, 6, 7, 8, 9, 10]]
[[1, 2, 3, 4], [5, 6, 7, 8, 9, 10]]
[[1, 2, 3, 4, 5], [6, 7, 8, 9, 10]]
[[1, 2, 3, 4, 5, 6], [7, 8, 9, 10]]
[[1, 2, 3, 4, 5, 6, 7], [8, 9, 10]]
[[1, 2, 3, 4, 5, 6, 7, 8], [9, 10]]
[[1, 2, 3, 4, 5, 6, 7, 8, 9], [10]]

[[1], [2], [3, 4, 5, 6, 7, 8, 9, 10]]
[[1], [2, 3], [4, 5, 6, 7, 8, 9, 10]]
[[1], [2, 3, 4], [5, 6, 7, 8, 9, 10]]
[[1], [2, 3, 4, 5], [6, 7, 8, 9, 10]]
[[1], [2, 3, 4, 5, 6], [7, 8, 9, 10]]
[[1], [2, 3, 4, 5, 6, 7], [8, 9, 10]]
[[1], [2, 3, 4, 5, 6, 7, 8], [9, 10]]
[[1], [2, 3, 4, 5, 6, 7, 8, 9], [10]]
[[1, 2], [3], [4, 5, 6, 7, 8, 9, 10]]
[[1, 2], [3, 4], [5, 6, 7, 8, 9, 10]]
[[1, 2], [3, 4, 5], [6, 7, 8, 9, 10]]
[[1, 2], [3, 4, 5, 6], [7, 8, 9, 10]]
[[1, 2], [3, 4, 5, 6, 7], [8, 9, 10]]
[[1, 2], [3, 4, 5, 6, 7, 8], [9, 10]]
[[1, 2], [3, 4, 5, 6, 7, 8, 9], [10]]
[[1, 2, 3], [4], [5, 6, 7, 8, 9, 10]]
[[1, 2, 3], [4, 5], [6, 7, 8, 9, 10]]
[[1, 2, 3], [4, 5, 6], [7, 8, 9, 10]]
[[1, 2, 3], [4, 5, 6, 7], [8, 9, 10]]
[[1, 2, 3], [4, 5, 6, 7, 8], [9, 10]]
[[1, 2, 3], [4, 5, 6, 7, 8, 9], [10]]
[[1, 2, 3, 4], [5], [6, 7, 8, 9, 10]]
[[1, 2, 3, 4], [5, 6], [7, 8, 9, 10]]
[[1, 2, 3, 4], [5, 6, 7], [8, 9, 10]]
[[1, 2, 3, 4], [5, 6, 7, 8], [9, 10]]
[[1, 2, 3, 4], [5, 6, 7, 8, 9], [10]]
[[1, 2, 3, 4, 5], [6], [7, 8, 9, 10]]
[[1, 2, 3, 4, 5], [6, 7], [8, 9, 10]]
[[1, 2, 3, 4, 5], [6, 7, 8], [9, 10]]
[[1, 2, 3, 4, 5], [6, 7, 8, 9], [10]]
[[1, 2, 3, 4, 5, 6], [7], [8, 9, 10]]
[[1, 2, 3, 4, 5, 6], [7, 8], [9, 10]]
[[1, 2, 3, 4, 5, 6], [7, 8, 9], [10]]
[[1, 2, 3, 4, 5, 6, 7], [8], [9, 10]]
[[1, 2, 3, 4, 5, 6, 7], [8, 9], [10]]
[[1, 2, 3, 4, 5, 6, 7, 8], [9], [10]]

[[1], [2], [3], [4], [5, 6, 7, 8, 9, 10, 11, 12, 13, 14, 15, 16, 17, 18, 19, 20]]
[[1], [2], [3], [4, 5], [6, 7, 8, 9, 10, 11, 12, 13, 14, 15, 16, 17, 18, 19, 20]]
[[1], [2], [3], [4, 5, 6], [7, 8, 9, 10, 11, 12, 13, 14, 15, 16, 17, 18, 19, 20]]
[[1], [2], [3], [4, 5, 6, 7], [8, 9, 10, 11, 12, 13, 14, 15, 16, 17, 18, 19, 20]]
[[1], [2], [3], [4, 5, 6, 7, 8], [9, 10, 11, 12, 13, 14, 15, 16, 17, 18, 19, 20]]
[[1], [2], [3], [4, 5, 6, 7, 8, 9], [10, 11, 12, 13, 14, 15, 16, 17, 18, 19, 20]]
[[1], [2], [3], [4, 5, 6, 7, 8, 9, 10], [11, 12, 13, 14, 15, 16, 17, 18, 19, 20]]
[[1], [2], [3], [4, 5, 6, 7, 8, 9, 10, 11], [12, 13, 14, 15, 16, 17, 18, 19, 20]]
[[1], [2], [3], [4, 5, 6, 7, 8, 9, 10, 11, 12], [13, 14, 15, 16, 17, 18, 19, 20]]
[[1], [2], [3], [4, 5, 6, 7, 8, 9, 10, 11, 12, 13], [14, 15, 16, 17, 18, 19, 20]]
[[1], [2], [3], [4, 5, 6, 7, 8, 9, 10, 11, 12, 13, 14], [15, 16, 17, 18, 19, 20]]
[[1], [2], [3], [4, 5, 6, 7, 8, 9, 10, 11, 12, 13, 14, 15], [16, 17, 18, 19, 20]]
[[1], [2], [3], [4, 5, 6, 7, 8, 9, 10, 11, 12, 13, 14, 15, 16], [17, 18, 19, 20]]
[[1], [2], [3], [4, 5, 6, 7, 8, 9, 10, 11, 12, 13, 14, 15, 16, 17], [18, 19, 20]]
[[1], [2], [3], [4, 5, 6, 7, 8, 9, 10, 11, 12, 13, 14, 15, 16, 17, 18], [19, 20]]
[[1], [2], [3], [4, 5, 6, 7, 8, 9, 10, 11, 12, 13, 14, 15, 16, 17, 18, 19], [20]]
[[1], [2], [3, 4], [5], [6, 7, 8, 9, 10, 11, 12, 13, 14, 15, 16, 17, 18, 19, 20]]
[[1], [2], [3, 4], [5, 6], [7, 8, 9, 10, 11, 12, 13, 14, 15, 16, 17, 18, 19, 20]]
[[1], [2], [3, 4], [5, 6, 7], [8, 9, 10, 11, 12, 13, 14, 15, 16, 17, 18, 19, 20]]
[[1], [2], [3, 4], [5, 6, 7, 8], [9, 10, 11, 12, 13, 14, 15, 16, 17, 18, 19, 20]]
[[1], [2], [3, 4], [5, 6, 7, 8, 9], [10, 11, 12, 13, 14, 15, 16, 17, 18, 19, 20]]
[[1], [2], [3, 4], [5, 6, 7, 8, 9, 10], [11, 12, 13, 14, 15, 16, 17, 18, 19, 20]]
[[1], [2], [3, 4], [5, 6, 7, 8, 9, 10, 11], [12, 13, 14, 15, 16, 17, 18, 19, 20]]
[[1], [2], [3, 4], [5, 6, 7, 8, 9, 10, 11, 12], [13, 14, 15, 16, 17, 18, 19, 20]]
[[1], [2], [3, 4], [5, 6, 7, 8, 9, 10, 11, 12, 13], [14, 15, 16, 17, 18, 19, 20]]
[[1], [2], [3, 4], [5, 6, 7, 8, 9, 10, 11, 12, 13, 14], [15, 16, 17, 18, 19, 20]]
[[1], [2], [3, 4], [5, 6, 7, 8, 9, 10, 11, 12, 13, 14, 15], [16, 17, 18, 19, 20]]
[[1], [2], [3, 4], [5, 6, 7, 8, 9, 10, 11, 12, 13, 14, 15, 16], [17, 18, 19, 20]]
[[1], [2], [3, 4], [5, 6, 7, 8, 9, 10, 11, 12, 13, 14, 15, 16, 17], [18, 19, 20]]
[[1], [2], [3, 4], [5, 6, 7, 8, 9, 10, 11, 12, 13, 14, 15, 16, 17, 18], [19, 20]]
[[1], [2], [3, 4], [5, 6, 7, 8, 9, 10, 11, 12, 13, 14, 15, 16, 17, 18, 19], [20]]
[[1], [2], [3, 4, 5], [6], [7, 8, 9, 10, 11, 12, 13, 14, 15, 16, 17, 18, 19, 20]]
[[1], [2], [3, 4, 5], [6, 7], [8, 9, 10, 11, 12, 13, 14, 15, 16, 17, 18, 19, 20]]
[[1], [2], [3, 4, 5], [6, 7, 8], [9, 10, 11, 12, 13, 14, 15, 16, 17, 18, 19, 20]]
[[1], [2], [3, 4, 5], [6, 7, 8, 9], [10, 11, 12, 13, 14, 15, 16, 17, 18, 19, 20]]
[[1], [2], [3, 4, 5], [6, 7, 8, 9, 10], [11, 12, 13, 14, 15, 16, 17, 18, 19, 20]]
[[1], [2], [3, 4, 5], [6, 7, 8, 9, 10, 11], [12, 13, 14, 15, 16, 17, 18, 19, 20]]
[[1], [2], [3, 4, 5], [6, 7, 8, 9, 10, 11, 12], [13, 14, 15, 16, 17, 18, 19, 20]]
[[1], [2], [3, 4, 5], [6, 7, 8, 9, 10, 11, 12, 13], [14, 15, 16, 17, 18, 19, 20]]
[[1], [2], [3, 4, 5], [6, 7, 8, 9, 10, 11, 12, 13, 14], [15, 16, 17, 18, 19, 20]]
[[1], [2], [3, 4, 5], [6, 7, 8, 9, 10, 11, 12, 13, 14, 15], [16, 17, 18, 19, 20]]
[[1], [2], [3, 4, 5], [6, 7, 8, 9, 10, 11, 12, 13, 14, 15, 16], [17, 18, 19, 20]]
[[1], [2], [3, 4, 5], [6, 7, 8, 9, 10, 11, 12, 13, 14, 15, 16, 17], [18, 19, 20]]
[[1], [2], [3, 4, 5], [6, 7, 8, 9, 10, 11, 12, 13, 14, 15, 16, 17, 18], [19, 20]]
[[1], [2], [3, 4, 5], [6, 7, 8, 9, 10, 11, 12, 13, 14, 15, 16, 17, 18, 19], [20]]
[[1], [2], [3, 4, 5, 6], [7], [8, 9, 10, 11, 12, 13, 14, 15, 16, 17, 18, 19, 20]]
[[1], [2], [3, 4, 5, 6], [7, 8], [9, 10, 11, 12, 13, 14, 15, 16, 17, 18, 19, 20]]
[[1], [2], [3, 4, 5, 6], [7, 8, 9], [10, 11, 12, 13, 14, 15, 16, 17, 18, 19, 20]]
[[1], [2], [3, 4, 5, 6], [7, 8, 9, 10], [11, 12, 13, 14, 15, 16, 17, 18, 19, 20]]
[[1], [2], [3, 4, 5, 6], [7, 8, 9, 10, 11], [12, 13, 14, 15, 16, 17, 18, 19, 20]]
[[1], [2], [3, 4, 5, 6], [7, 8, 9, 10, 11, 12], [13, 14, 15, 16, 17, 18, 19, 20]]
[[1], [2], [3, 4, 5, 6], [7, 8, 9, 10, 11, 12, 13], [14, 15, 16, 17, 18, 19, 20]]
[[1], [2], [3, 4, 5, 6], [7, 8, 9, 10, 11, 12, 13, 14], [15, 16, 17, 18, 19, 20]]
[[1], [2], [3, 4, 5, 6], [7, 8, 9, 10, 11, 12, 13, 14, 15], [16, 17, 18, 19, 20]]
[[1], [2], [3, 4, 5, 6], [7, 8, 9, 10, 11, 12, 13, 14, 15, 16], [17, 18, 19, 20]]
[[1], [2], [3, 4, 5, 6], [7, 8, 9, 10, 11, 12, 13, 14, 15, 16, 17], [18, 19, 20]]
[[1], [2], [3, 4, 5, 6], [7, 8, 9, 10, 11, 12, 13, 14, 15, 16, 17, 18], [19, 20]]
[[1], [2], [3, 4, 5, 6], [7, 8, 9, 10, 11, 12, 13, 14, 15, 16, 17, 18, 19], [20]]
[[1], [2], [3, 4, 5, 6, 7], [8], [9, 10, 11, 12, 13, 14, 15, 16, 17, 18, 19, 20]]
[[1], [2], [3, 4, 5, 6, 7], [8, 9], [10, 11, 12, 13, 14, 15, 16, 17, 18, 19, 20]]
[[1], [2], [3, 4, 5, 6, 7], [8, 9, 10], [11, 12, 13, 14, 15, 16, 17, 18, 19, 20]]
[[1], [2], [3, 4, 5, 6, 7], [8, 9, 10, 11], [12, 13, 14, 15, 16, 17, 18, 19, 20]]
[[1], [2], [3, 4, 5, 6, 7], [8, 9, 10, 11, 12], [13, 14, 15, 16, 17, 18, 19, 20]]
[[1], [2], [3, 4, 5, 6, 7], [8, 9, 10, 11, 12, 13], [14, 15, 16, 17, 18, 19, 20]]
[[1], [2], [3, 4, 5, 6, 7], [8, 9, 10, 11, 12, 13, 14], [15, 16, 17, 18, 19, 20]]
[[1], [2], [3, 4, 5, 6, 7], [8, 9, 10, 11, 12, 13, 14, 15], [16, 17, 18, 19, 20]]
[[1], [2], [3, 4, 5, 6, 7], [8, 9, 10, 11, 12, 13, 14, 15, 16], [17, 18, 19, 20]]
[[1], [2], [3, 4, 5, 6, 7], [8, 9, 10, 11, 12, 13, 14, 15, 16, 17], [18, 19, 20]]
[[1], [2], [3, 4, 5, 6, 7], [8, 9, 10, 11, 12, 13, 14, 15, 16, 17, 18], [19, 20]]
[[1], [2], [3, 4, 5, 6, 7], [8, 9, 10, 11, 12, 13, 14, 15, 16, 17, 18, 19], [20]]
[[1], [2], [3, 4, 5, 6, 7, 8], [9], [10, 11, 12, 13, 14, 15, 16, 17, 18, 19, 20]]
[[1], [2], [3, 4, 5, 6, 7, 8], [9, 10], [11, 12, 13, 14, 15, 16, 17, 18, 19, 20]]
[[1], [2], [3, 4, 5, 6, 7, 8], [9, 10, 11], [12, 13, 14, 15, 16, 17, 18, 19, 20]]
[[1], [2], [3, 4, 5, 6, 7, 8], [9, 10, 11, 12], [13, 14, 15, 16, 17, 18, 19, 20]]
[[1], [2], [3, 4, 5, 6, 7, 8], [9, 10, 11, 12, 13], [14, 15, 16, 17, 18, 19, 20]]
[[1], [2], [3, 4, 5, 6, 7, 8], [9, 10, 11, 12, 13, 14], [15, 16, 17, 18, 19, 20]]
[[1], [2], [3, 4, 5, 6, 7, 8], [9, 10, 11, 12, 13, 14, 15], [16, 17, 18, 19, 20]]
[[1], [2], [3, 4, 5, 6, 7, 8], [9, 10, 11, 12, 13, 14, 15, 16], [17, 18, 19, 20]]
[[1], [2], [3, 4, 5, 6, 7, 8], [9, 10, 11, 12, 13, 14, 15, 16, 17], [18, 19, 20]]
[[1], [2], [3, 4, 5, 6, 7, 8], [9, 10, 11, 12, 13, 14, 15, 16, 17, 18], [19, 20]]
[[1], [2], [3, 4, 5, 6, 7, 8], [9, 10, 11, 12, 13, 14, 15, 16, 17, 18, 19], [20]]
[[1], [2], [3, 4, 5, 6, 7, 8, 9], [10], [11, 12, 13, 14, 15, 16, 17, 18, 19, 20]]
[[1], [2], [3, 4, 5, 6, 7, 8, 9], [10, 11], [12, 13, 14, 15, 16, 17, 18, 19, 20]]
[[1], [2], [3, 4, 5, 6, 7, 8, 9], [10, 11, 12], [13, 14, 15, 16, 17, 18, 19, 20]]
[[1], [2], [3, 4, 5, 6, 7, 8, 9], [10, 11, 12, 13], [14, 15, 16, 17, 18, 19, 20]]
[[1], [2], [3, 4, 5, 6, 7, 8, 9], [10, 11, 12, 13, 14], [15, 16, 17, 18, 19, 20]]
[[1], [2], [3, 4, 5, 6, 7, 8, 9], [10, 11, 12, 13, 14, 15], [16, 17, 18, 19, 20]]
[[1], [2], [3, 4, 5, 6, 7, 8, 9], [10, 11, 12, 13, 14, 15, 16], [17, 18, 19, 20]]
[[1], [2], [3, 4, 5, 6, 7, 8, 9], [10, 11, 12, 13, 14, 15, 16, 17], [18, 19, 20]]
[[1], [2], [3, 4, 5, 6, 7, 8, 9], [10, 11, 12, 13, 14, 15, 16, 17, 18], [19, 20]]
[[1], [2], [3, 4, 5, 6, 7, 8, 9], [10, 11, 12, 13, 14, 15, 16, 17, 18, 19], [20]]
[[1], [2], [3, 4, 5, 6, 7, 8, 9, 10], [11], [12, 13, 14, 15, 16, 17, 18, 19, 20]]
[[1], [2], [3, 4, 5, 6, 7, 8, 9, 10], [11, 12], [13, 14, 15, 16, 17, 18, 19, 20]]
[[1], [2], [3, 4, 5, 6, 7, 8, 9, 10], [11, 12, 13], [14, 15, 16, 17, 18, 19, 20]]
[[1], [2], [3, 4, 5, 6, 7, 8, 9, 10], [11, 12, 13, 14], [15, 16, 17, 18, 19, 20]]
[[1], [2], [3, 4, 5, 6, 7, 8, 9, 10], [11, 12, 13, 14, 15], [16, 17, 18, 19, 20]]
[[1], [2], [3, 4, 5, 6, 7, 8, 9, 10], [11, 12, 13, 14, 15, 16], [17, 18, 19, 20]]
[[1], [2], [3, 4, 5, 6, 7, 8, 9, 10], [11, 12, 13, 14, 15, 16, 17], [18, 19, 20]]
[[1], [2], [3, 4, 5, 6, 7, 8, 9, 10], [11, 12, 13, 14, 15, 16, 17, 18], [19, 20]]
[[1], [2], [3, 4, 5, 6, 7, 8, 9, 10], [11, 12, 13, 14, 15, 16, 17, 18, 19], [20]]
[[1], [2], [3, 4, 5, 6, 7, 8, 9, 10, 11], [12], [13, 14, 15, 16, 17, 18, 19, 20]]
[[1], [2], [3, 4, 5, 6, 7, 8, 9, 10, 11], [12, 13], [14, 15, 16, 17, 18, 19, 20]]
[[1], [2], [3, 4, 5, 6, 7, 8, 9, 10, 11], [12, 13, 14], [15, 16, 17, 18, 19, 20]]
[[1], [2], [3, 4, 5, 6, 7, 8, 9, 10, 11], [12, 13, 14, 15], [16, 17, 18, 19, 20]]
[[1], [2], [3, 4, 5, 6, 7, 8, 9, 10, 11], [12, 13, 14, 15, 16], [17, 18, 19, 20]]
[[1], [2], [3, 4, 5, 6, 7, 8, 9, 10, 11], [12, 13, 14, 15, 16, 17], [18, 19, 20]]
[[1], [2], [3, 4, 5, 6, 7, 8, 9, 10, 11], [12, 13, 14, 15, 16, 17, 18], [19, 20]]
[[1], [2], [3, 4, 5, 6, 7, 8, 9, 10, 11], [12, 13, 14, 15, 16, 17, 18, 19], [20]]
[[1], [2], [3, 4, 5, 6, 7, 8, 9, 10, 11, 12], [13], [14, 15, 16, 17, 18, 19, 20]]
[[1], [2], [3, 4, 5, 6, 7, 8, 9, 10, 11, 12], [13, 14], [15, 16, 17, 18, 19, 20]]
[[1], [2], [3, 4, 5, 6, 7, 8, 9, 10, 11, 12], [13, 14, 15], [16, 17, 18, 19, 20]]
[[1], [2], [3, 4, 5, 6, 7, 8, 9, 10, 11, 12], [13, 14, 15, 16], [17, 18, 19, 20]]
[[1], [2], [3, 4, 5, 6, 7, 8, 9, 10, 11, 12], [13, 14, 15, 16, 17], [18, 19, 20]]
[[1], [2], [3, 4, 5, 6, 7, 8, 9, 10, 11, 12], [13, 14, 15, 16, 17, 18], [19, 20]]
[[1], [2], [3, 4, 5, 6, 7, 8, 9, 10, 11, 12], [13, 14, 15, 16, 17, 18, 19], [20]]
[[1], [2], [3, 4, 5, 6, 7, 8, 9, 10, 11, 12, 13], [14], [15, 16, 17, 18, 19, 20]]
[[1], [2], [3, 4, 5, 6, 7, 8, 9, 10, 11, 12, 13], [14, 15], [16, 17, 18, 19, 20]]
[[1], [2], [3, 4, 5, 6, 7, 8, 9, 10, 11, 12, 13], [14, 15, 16], [17, 18, 19, 20]]
[[1], [2], [3, 4, 5, 6, 7, 8, 9, 10, 11, 12, 13], [14, 15, 16, 17], [18, 19, 20]]
[[1], [2], [3, 4, 5, 6, 7, 8, 9, 10, 11, 12, 13], [14, 15, 16, 17, 18], [19, 20]]
[[1], [2], [3, 4, 5, 6, 7, 8, 9, 10, 11, 12, 13], [14, 15, 16, 17, 18, 19], [20]]
[[1], [2], [3, 4, 5, 6, 7, 8, 9, 10, 11, 12, 13, 14], [15], [16, 17, 18, 19, 20]]
[[1], [2], [3, 4, 5, 6, 7, 8, 9, 10, 11, 12, 13, 14], [15, 16], [17, 18, 19, 20]]
[[1], [2], [3, 4, 5, 6, 7, 8, 9, 10, 11, 12, 13, 14], [15, 16, 17], [18, 19, 20]]
[[1], [2], [3, 4, 5, 6, 7, 8, 9, 10, 11, 12, 13, 14], [15, 16, 17, 18], [19, 20]]
[[1], [2], [3, 4, 5, 6, 7, 8, 9, 10, 11, 12, 13, 14], [15, 16, 17, 18, 19], [20]]
[[1], [2], [3, 4, 5, 6, 7, 8, 9, 10, 11, 12, 13, 14, 15], [16], [17, 18, 19, 20]]
[[1], [2], [3, 4, 5, 6, 7, 8, 9, 10, 11, 12, 13, 14, 15], [16, 17], [18, 19, 20]]
[[1], [2], [3, 4, 5, 6, 7, 8, 9, 10, 11, 12, 13, 14, 15], [16, 17, 18], [19, 20]]
[[1], [2], [3, 4, 5, 6, 7, 8, 9, 10, 11, 12, 13, 14, 15], [16, 17, 18, 19], [20]]
[[1], [2], [3, 4, 5, 6, 7, 8, 9, 10, 11, 12, 13, 14, 15, 16], [17], [18, 19, 20]]
[[1], [2], [3, 4, 5, 6, 7, 8, 9, 10, 11, 12, 13, 14, 15, 16], [17, 18], [19, 20]]
[[1], [2], [3, 4, 5, 6, 7, 8, 9, 10, 11, 12, 13, 14, 15, 16], [17, 18, 19], [20]]
[[1], [2], [3, 4, 5, 6, 7, 8, 9, 10, 11, 12, 13, 14, 15, 16, 17], [18], [19, 20]]
[[1], [2], [3, 4, 5, 6, 7, 8, 9, 10, 11, 12, 13, 14, 15, 16, 17], [18, 19], [20]]
[[1], [2], [3, 4, 5, 6, 7, 8, 9, 10, 11, 12, 13, 14, 15, 16, 17, 18], [19], [20]]
[[1], [2, 3], [4], [5], [6, 7, 8, 9, 10, 11, 12, 13, 14, 15, 16, 17, 18, 19, 20]]
[[1], [2, 3], [4], [5, 6], [7, 8, 9, 10, 11, 12, 13, 14, 15, 16, 17, 18, 19, 20]]
[[1], [2, 3], [4], [5, 6, 7], [8, 9, 10, 11, 12, 13, 14, 15, 16, 17, 18, 19, 20]]
[[1], [2, 3], [4], [5, 6, 7, 8], [9, 10, 11, 12, 13, 14, 15, 16, 17, 18, 19, 20]]
[[1], [2, 3], [4], [5, 6, 7, 8, 9], [10, 11, 12, 13, 14, 15, 16, 17, 18, 19, 20]]
[[1], [2, 3], [4], [5, 6, 7, 8, 9, 10], [11, 12, 13, 14, 15, 16, 17, 18, 19, 20]]
[[1], [2, 3], [4], [5, 6, 7, 8, 9, 10, 11], [12, 13, 14, 15, 16, 17, 18, 19, 20]]
[[1], [2, 3], [4], [5, 6, 7, 8, 9, 10, 11, 12], [13, 14, 15, 16, 17, 18, 19, 20]]
[[1], [2, 3], [4], [5, 6, 7, 8, 9, 10, 11, 12, 13], [14, 15, 16, 17, 18, 19, 20]]
[[1], [2, 3], [4], [5, 6, 7, 8, 9, 10, 11, 12, 13, 14], [15, 16, 17, 18, 19, 20]]
[[1], [2, 3], [4], [5, 6, 7, 8, 9, 10, 11, 12, 13, 14, 15], [16, 17, 18, 19, 20]]
[[1], [2, 3], [4], [5, 6, 7, 8, 9, 10, 11, 12, 13, 14, 15, 16], [17, 18, 19, 20]]
[[1], [2, 3], [4], [5, 6, 7, 8, 9, 10, 11, 12, 13, 14, 15, 16, 17], [18, 19, 20]]
[[1], [2, 3], [4], [5, 6, 7, 8, 9, 10, 11, 12, 13, 14, 15, 16, 17, 18], [19, 20]]
[[1], [2, 3], [4], [5, 6, 7, 8, 9, 10, 11, 12, 13, 14, 15, 16, 17, 18, 19], [20]]
[[1], [2, 3], [4, 5], [6], [7, 8, 9, 10, 11, 12, 13, 14, 15, 16, 17, 18, 19, 20]]
[[1], [2, 3], [4, 5], [6, 7], [8, 9, 10, 11, 12, 13, 14, 15, 16, 17, 18, 19, 20]]
[[1], [2, 3], [4, 5], [6, 7, 8], [9, 10, 11, 12, 13, 14, 15, 16, 17, 18, 19, 20]]
[[1], [2, 3], [4, 5], [6, 7, 8, 9], [10, 11, 12, 13, 14, 15, 16, 17, 18, 19, 20]]
[[1], [2, 3], [4, 5], [6, 7, 8, 9, 10], [11, 12, 13, 14, 15, 16, 17, 18, 19, 20]]
[[1], [2, 3], [4, 5], [6, 7, 8, 9, 10, 11], [12, 13, 14, 15, 16, 17, 18, 19, 20]]
[[1], [2, 3], [4, 5], [6, 7, 8, 9, 10, 11, 12], [13, 14, 15, 16, 17, 18, 19, 20]]
[[1], [2, 3], [4, 5], [6, 7, 8, 9, 10, 11, 12, 13], [14, 15, 16, 17, 18, 19, 20]]
[[1], [2, 3], [4, 5], [6, 7, 8, 9, 10, 11, 12, 13, 14], [15, 16, 17, 18, 19, 20]]
[[1], [2, 3], [4, 5], [6, 7, 8, 9, 10, 11, 12, 13, 14, 15], [16, 17, 18, 19, 20]]
[[1], [2, 3], [4, 5], [6, 7, 8, 9, 10, 11, 12, 13, 14, 15, 16], [17, 18, 19, 20]]
[[1], [2, 3], [4, 5], [6, 7, 8, 9, 10, 11, 12, 13, 14, 15, 16, 17], [18, 19, 20]]
[[1], [2, 3], [4, 5], [6, 7, 8, 9, 10, 11, 12, 13, 14, 15, 16, 17, 18], [19, 20]]
[[1], [2, 3], [4, 5], [6, 7, 8, 9, 10, 11, 12, 13, 14, 15, 16, 17, 18, 19], [20]]
[[1], [2, 3], [4, 5, 6], [7], [8, 9, 10, 11, 12, 13, 14, 15, 16, 17, 18, 19, 20]]
[[1], [2, 3], [4, 5, 6], [7, 8], [9, 10, 11, 12, 13, 14, 15, 16, 17, 18, 19, 20]]
[[1], [2, 3], [4, 5, 6], [7, 8, 9], [10, 11, 12, 13, 14, 15, 16, 17, 18, 19, 20]]
[[1], [2, 3], [4, 5, 6], [7, 8, 9, 10], [11, 12, 13, 14, 15, 16, 17, 18, 19, 20]]
[[1], [2, 3], [4, 5, 6], [7, 8, 9, 10, 11], [12, 13, 14, 15, 16, 17, 18, 19, 20]]
[[1], [2, 3], [4, 5, 6], [7, 8, 9, 10, 11, 12], [13, 14, 15, 16, 17, 18, 19, 20]]
[[1], [2, 3], [4, 5, 6], [7, 8, 9, 10, 11, 12, 13], [14, 15, 16, 17, 18, 19, 20]]
[[1], [2, 3], [4, 5, 6], [7, 8, 9, 10, 11, 12, 13, 14], [15, 16, 17, 18, 19, 20]]
[[1], [2, 3], [4, 5, 6], [7, 8, 9, 10, 11, 12, 13, 14, 15], [16, 17, 18, 19, 20]]
[[1], [2, 3], [4, 5, 6], [7, 8, 9, 10, 11, 12, 13, 14, 15, 16], [17, 18, 19, 20]]
[[1], [2, 3], [4, 5, 6], [7, 8, 9, 10, 11, 12, 13, 14, 15, 16, 17], [18, 19, 20]]
[[1], [2, 3], [4, 5, 6], [7, 8, 9, 10, 11, 12, 13, 14, 15, 16, 17, 18], [19, 20]]
[[1], [2, 3], [4, 5, 6], [7, 8, 9, 10, 11, 12, 13, 14, 15, 16, 17, 18, 19], [20]]
[[1], [2, 3], [4, 5, 6, 7], [8], [9, 10, 11, 12, 13, 14, 15, 16, 17, 18, 19, 20]]
[[1], [2, 3], [4, 5, 6, 7], [8, 9], [10, 11, 12, 13, 14, 15, 16, 17, 18, 19, 20]]
[[1], [2, 3], [4, 5, 6, 7], [8, 9, 10], [11, 12, 13, 14, 15, 16, 17, 18, 19, 20]]
[[1], [2, 3], [4, 5, 6, 7], [8, 9, 10, 11], [12, 13, 14, 15, 16, 17, 18, 19, 20]]
[[1], [2, 3], [4, 5, 6, 7], [8, 9, 10, 11, 12], [13, 14, 15, 16, 17, 18, 19, 20]]
[[1], [2, 3], [4, 5, 6, 7], [8, 9, 10, 11, 12, 13], [14, 15, 16, 17, 18, 19, 20]]
[[1], [2, 3], [4, 5, 6, 7], [8, 9, 10, 11, 12, 13, 14], [15, 16, 17, 18, 19, 20]]
[[1], [2, 3], [4, 5, 6, 7], [8, 9, 10, 11, 12, 13, 14, 15], [16, 17, 18, 19, 20]]
[[1], [2, 3], [4, 5, 6, 7], [8, 9, 10, 11, 12, 13, 14, 15, 16], [17, 18, 19, 20]]
[[1], [2, 3], [4, 5, 6, 7], [8, 9, 10, 11, 12, 13, 14, 15, 16, 17], [18, 19, 20]]
[[1], [2, 3], [4, 5, 6, 7], [8, 9, 10, 11, 12, 13, 14, 15, 16, 17, 18], [19, 20]]
[[1], [2, 3], [4, 5, 6, 7], [8, 9, 10, 11, 12, 13, 14, 15, 16, 17, 18, 19], [20]]
[[1], [2, 3], [4, 5, 6, 7, 8], [9], [10, 11, 12, 13, 14, 15, 16, 17, 18, 19, 20]]
[[1], [2, 3], [4, 5, 6, 7, 8], [9, 10], [11, 12, 13, 14, 15, 16, 17, 18, 19, 20]]
[[1], [2, 3], [4, 5, 6, 7, 8], [9, 10, 11], [12, 13, 14, 15, 16, 17, 18, 19, 20]]
[[1], [2, 3], [4, 5, 6, 7, 8], [9, 10, 11, 12], [13, 14, 15, 16, 17, 18, 19, 20]]
[[1], [2, 3], [4, 5, 6, 7, 8], [9, 10, 11, 12, 13], [14, 15, 16, 17, 18, 19, 20]]
[[1], [2, 3], [4, 5, 6, 7, 8], [9, 10, 11, 12, 13, 14], [15, 16, 17, 18, 19, 20]]
[[1], [2, 3], [4, 5, 6, 7, 8], [9, 10, 11, 12, 13, 14, 15], [16, 17, 18, 19, 20]]
[[1], [2, 3], [4, 5, 6, 7, 8], [9, 10, 11, 12, 13, 14, 15, 16], [17, 18, 19, 20]]
[[1], [2, 3], [4, 5, 6, 7, 8], [9, 10, 11, 12, 13, 14, 15, 16, 17], [18, 19, 20]]
[[1], [2, 3], [4, 5, 6, 7, 8], [9, 10, 11, 12, 13, 14, 15, 16, 17, 18], [19, 20]]
[[1], [2, 3], [4, 5, 6, 7, 8], [9, 10, 11, 12, 13, 14, 15, 16, 17, 18, 19], [20]]
[[1], [2, 3], [4, 5, 6, 7, 8, 9], [10], [11, 12, 13, 14, 15, 16, 17, 18, 19, 20]]
[[1], [2, 3], [4, 5, 6, 7, 8, 9], [10, 11], [12, 13, 14, 15, 16, 17, 18, 19, 20]]
[[1], [2, 3], [4, 5, 6, 7, 8, 9], [10, 11, 12], [13, 14, 15, 16, 17, 18, 19, 20]]
[[1], [2, 3], [4, 5, 6, 7, 8, 9], [10, 11, 12, 13], [14, 15, 16, 17, 18, 19, 20]]
[[1], [2, 3], [4, 5, 6, 7, 8, 9], [10, 11, 12, 13, 14], [15, 16, 17, 18, 19, 20]]
[[1], [2, 3], [4, 5, 6, 7, 8, 9], [10, 11, 12, 13, 14, 15], [16, 17, 18, 19, 20]]
[[1], [2, 3], [4, 5, 6, 7, 8, 9], [10, 11, 12, 13, 14, 15, 16], [17, 18, 19, 20]]
[[1], [2, 3], [4, 5, 6, 7, 8, 9], [10, 11, 12, 13, 14, 15, 16, 17], [18, 19, 20]]
[[1], [2, 3], [4, 5, 6, 7, 8, 9], [10, 11, 12, 13, 14, 15, 16, 17, 18], [19, 20]]
[[1], [2, 3], [4, 5, 6, 7, 8, 9], [10, 11, 12, 13, 14, 15, 16, 17, 18, 19], [20]]
[[1], [2, 3], [4, 5, 6, 7, 8, 9, 10], [11], [12, 13, 14, 15, 16, 17, 18, 19, 20]]
[[1], [2, 3], [4, 5, 6, 7, 8, 9, 10], [11, 12], [13, 14, 15, 16, 17, 18, 19, 20]]
[[1], [2, 3], [4, 5, 6, 7, 8, 9, 10], [11, 12, 13], [14, 15, 16, 17, 18, 19, 20]]
[[1], [2, 3], [4, 5, 6, 7, 8, 9, 10], [11, 12, 13, 14], [15, 16, 17, 18, 19, 20]]
[[1], [2, 3], [4, 5, 6, 7, 8, 9, 10], [11, 12, 13, 14, 15], [16, 17, 18, 19, 20]]
[[1], [2, 3], [4, 5, 6, 7, 8, 9, 10], [11, 12, 13, 14, 15, 16], [17, 18, 19, 20]]
[[1], [2, 3], [4, 5, 6, 7, 8, 9, 10], [11, 12, 13, 14, 15, 16, 17], [18, 19, 20]]
[[1], [2, 3], [4, 5, 6, 7, 8, 9, 10], [11, 12, 13, 14, 15, 16, 17, 18], [19, 20]]
[[1], [2, 3], [4, 5, 6, 7, 8, 9, 10], [11, 12, 13, 14, 15, 16, 17, 18, 19], [20]]
[[1], [2, 3], [4, 5, 6, 7, 8, 9, 10, 11], [12], [13, 14, 15, 16, 17, 18, 19, 20]]
[[1], [2, 3], [4, 5, 6, 7, 8, 9, 10, 11], [12, 13], [14, 15, 16, 17, 18, 19, 20]]
[[1], [2, 3], [4, 5, 6, 7, 8, 9, 10, 11], [12, 13, 14], [15, 16, 17, 18, 19, 20]]
[[1], [2, 3], [4, 5, 6, 7, 8, 9, 10, 11], [12, 13, 14, 15], [16, 17, 18, 19, 20]]
[[1], [2, 3], [4, 5, 6, 7, 8, 9, 10, 11], [12, 13, 14, 15, 16], [17, 18, 19, 20]]
[[1], [2, 3], [4, 5, 6, 7, 8, 9, 10, 11], [12, 13, 14, 15, 16, 17], [18, 19, 20]]
[[1], [2, 3], [4, 5, 6, 7, 8, 9, 10, 11], [12, 13, 14, 15, 16, 17, 18], [19, 20]]
[[1], [2, 3], [4, 5, 6, 7, 8, 9, 10, 11], [12, 13, 14, 15, 16, 17, 18, 19], [20]]
[[1], [2, 3], [4, 5, 6, 7, 8, 9, 10, 11, 12], [13], [14, 15, 16, 17, 18, 19, 20]]
[[1], [2, 3], [4, 5, 6, 7, 8, 9, 10, 11, 12], [13, 14], [15, 16, 17, 18, 19, 20]]
[[1], [2, 3], [4, 5, 6, 7, 8, 9, 10, 11, 12], [13, 14, 15], [16, 17, 18, 19, 20]]
[[1], [2, 3], [4, 5, 6, 7, 8, 9, 10, 11, 12], [13, 14, 15, 16], [17, 18, 19, 20]]
[[1], [2, 3], [4, 5, 6, 7, 8, 9, 10, 11, 12], [13, 14, 15, 16, 17], [18, 19, 20]]
[[1], [2, 3], [4, 5, 6, 7, 8, 9, 10, 11, 12], [13, 14, 15, 16, 17, 18], [19, 20]]
[[1], [2, 3], [4, 5, 6, 7, 8, 9, 10, 11, 12], [13, 14, 15, 16, 17, 18, 19], [20]]
[[1], [2, 3], [4, 5, 6, 7, 8, 9, 10, 11, 12, 13], [14], [15, 16, 17, 18, 19, 20]]
[[1], [2, 3], [4, 5, 6, 7, 8, 9, 10, 11, 12, 13], [14, 15], [16, 17, 18, 19, 20]]
[[1], [2, 3], [4, 5, 6, 7, 8, 9, 10, 11, 12, 13], [14, 15, 16], [17, 18, 19, 20]]
[[1], [2, 3], [4, 5, 6, 7, 8, 9, 10, 11, 12, 13], [14, 15, 16, 17], [18, 19, 20]]
[[1], [2, 3], [4, 5, 6, 7, 8, 9, 10, 11, 12, 13], [14, 15, 16, 17, 18], [19, 20]]
[[1], [2, 3], [4, 5, 6, 7, 8, 9, 10, 11, 12, 13], [14, 15, 16, 17, 18, 19], [20]]
[[1], [2, 3], [4, 5, 6, 7, 8, 9, 10, 11, 12, 13, 14], [15], [16, 17, 18, 19, 20]]
[[1], [2, 3], [4, 5, 6, 7, 8, 9, 10, 11, 12, 13, 14], [15, 16], [17, 18, 19, 20]]
[[1], [2, 3], [4, 5, 6, 7, 8, 9, 10, 11, 12, 13, 14], [15, 16, 17], [18, 19, 20]]
[[1], [2, 3], [4, 5, 6, 7, 8, 9, 10, 11, 12, 13, 14], [15, 16, 17, 18], [19, 20]]
[[1], [2, 3], [4, 5, 6, 7, 8, 9, 10, 11, 12, 13, 14], [15, 16, 17, 18, 19], [20]]
[[1], [2, 3], [4, 5, 6, 7, 8, 9, 10, 11, 12, 13, 14, 15], [16], [17, 18, 19, 20]]
[[1], [2, 3], [4, 5, 6, 7, 8, 9, 10, 11, 12, 13, 14, 15], [16, 17], [18, 19, 20]]
[[1], [2, 3], [4, 5, 6, 7, 8, 9, 10, 11, 12, 13, 14, 15], [16, 17, 18], [19, 20]]
[[1], [2, 3], [4, 5, 6, 7, 8, 9, 10, 11, 12, 13, 14, 15], [16, 17, 18, 19], [20]]
[[1], [2, 3], [4, 5, 6, 7, 8, 9, 10, 11, 12, 13, 14, 15, 16], [17], [18, 19, 20]]
[[1], [2, 3], [4, 5, 6, 7, 8, 9, 10, 11, 12, 13, 14, 15, 16], [17, 18], [19, 20]]
[[1], [2, 3], [4, 5, 6, 7, 8, 9, 10, 11, 12, 13, 14, 15, 16], [17, 18, 19], [20]]
[[1], [2, 3], [4, 5, 6, 7, 8, 9, 10, 11, 12, 13, 14, 15, 16, 17], [18], [19, 20]]
[[1], [2, 3], [4, 5, 6, 7, 8, 9, 10, 11, 12, 13, 14, 15, 16, 17], [18, 19], [20]]
[[1], [2, 3], [4, 5, 6, 7, 8, 9, 10, 11, 12, 13, 14, 15, 16, 17, 18], [19], [20]]
[[1], [2, 3, 4], [5], [6], [7, 8, 9, 10, 11, 12, 13, 14, 15, 16, 17, 18, 19, 20]]
[[1], [2, 3, 4], [5], [6, 7], [8, 9, 10, 11, 12, 13, 14, 15, 16, 17, 18, 19, 20]]
[[1], [2, 3, 4], [5], [6, 7, 8], [9, 10, 11, 12, 13, 14, 15, 16, 17, 18, 19, 20]]
[[1], [2, 3, 4], [5], [6, 7, 8, 9], [10, 11, 12, 13, 14, 15, 16, 17, 18, 19, 20]]
[[1], [2, 3, 4], [5], [6, 7, 8, 9, 10], [11, 12, 13, 14, 15, 16, 17, 18, 19, 20]]
[[1], [2, 3, 4], [5], [6, 7, 8, 9, 10, 11], [12, 13, 14, 15, 16, 17, 18, 19, 20]]
[[1], [2, 3, 4], [5], [6, 7, 8, 9, 10, 11, 12], [13, 14, 15, 16, 17, 18, 19, 20]]
[[1], [2, 3, 4], [5], [6, 7, 8, 9, 10, 11, 12, 13], [14, 15, 16, 17, 18, 19, 20]]
[[1], [2, 3, 4], [5], [6, 7, 8, 9, 10, 11, 12, 13, 14], [15, 16, 17, 18, 19, 20]]
[[1], [2, 3, 4], [5], [6, 7, 8, 9, 10, 11, 12, 13, 14, 15], [16, 17, 18, 19, 20]]
[[1], [2, 3, 4], [5], [6, 7, 8, 9, 10, 11, 12, 13, 14, 15, 16], [17, 18, 19, 20]]
[[1], [2, 3, 4], [5], [6, 7, 8, 9, 10, 11, 12, 13, 14, 15, 16, 17], [18, 19, 20]]
[[1], [2, 3, 4], [5], [6, 7, 8, 9, 10, 11, 12, 13, 14, 15, 16, 17, 18], [19, 20]]
[[1], [2, 3, 4], [5], [6, 7, 8, 9, 10, 11, 12, 13, 14, 15, 16, 17, 18, 19], [20]]
[[1], [2, 3, 4], [5, 6], [7], [8, 9, 10, 11, 12, 13, 14, 15, 16, 17, 18, 19, 20]]
[[1], [2, 3, 4], [5, 6], [7, 8], [9, 10, 11, 12, 13, 14, 15, 16, 17, 18, 19, 20]]
[[1], [2, 3, 4], [5, 6], [7, 8, 9], [10, 11, 12, 13, 14, 15, 16, 17, 18, 19, 20]]
[[1], [2, 3, 4], [5, 6], [7, 8, 9, 10], [11, 12, 13, 14, 15, 16, 17, 18, 19, 20]]
[[1], [2, 3, 4], [5, 6], [7, 8, 9, 10, 11], [12, 13, 14, 15, 16, 17, 18, 19, 20]]
[[1], [2, 3, 4], [5, 6], [7, 8, 9, 10, 11, 12], [13, 14, 15, 16, 17, 18, 19, 20]]
[[1], [2, 3, 4], [5, 6], [7, 8, 9, 10, 11, 12, 13], [14, 15, 16, 17, 18, 19, 20]]
[[1], [2, 3, 4], [5, 6], [7, 8, 9, 10, 11, 12, 13, 14], [15, 16, 17, 18, 19, 20]]
[[1], [2, 3, 4], [5, 6], [7, 8, 9, 10, 11, 12, 13, 14, 15], [16, 17, 18, 19, 20]]
[[1], [2, 3, 4], [5, 6], [7, 8, 9, 10, 11, 12, 13, 14, 15, 16], [17, 18, 19, 20]]
[[1], [2, 3, 4], [5, 6], [7, 8, 9, 10, 11, 12, 13, 14, 15, 16, 17], [18, 19, 20]]
[[1], [2, 3, 4], [5, 6], [7, 8, 9, 10, 11, 12, 13, 14, 15, 16, 17, 18], [19, 20]]
[[1], [2, 3, 4], [5, 6], [7, 8, 9, 10, 11, 12, 13, 14, 15, 16, 17, 18, 19], [20]]
[[1], [2, 3, 4], [5, 6, 7], [8], [9, 10, 11, 12, 13, 14, 15, 16, 17, 18, 19, 20]]
[[1], [2, 3, 4], [5, 6, 7], [8, 9], [10, 11, 12, 13, 14, 15, 16, 17, 18, 19, 20]]
[[1], [2, 3, 4], [5, 6, 7], [8, 9, 10], [11, 12, 13, 14, 15, 16, 17, 18, 19, 20]]
[[1], [2, 3, 4], [5, 6, 7], [8, 9, 10, 11], [12, 13, 14, 15, 16, 17, 18, 19, 20]]
[[1], [2, 3, 4], [5, 6, 7], [8, 9, 10, 11, 12], [13, 14, 15, 16, 17, 18, 19, 20]]
[[1], [2, 3, 4], [5, 6, 7], [8, 9, 10, 11, 12, 13], [14, 15, 16, 17, 18, 19, 20]]
[[1], [2, 3, 4], [5, 6, 7], [8, 9, 10, 11, 12, 13, 14], [15, 16, 17, 18, 19, 20]]
[[1], [2, 3, 4], [5, 6, 7], [8, 9, 10, 11, 12, 13, 14, 15], [16, 17, 18, 19, 20]]
[[1], [2, 3, 4], [5, 6, 7], [8, 9, 10, 11, 12, 13, 14, 15, 16], [17, 18, 19, 20]]
[[1], [2, 3, 4], [5, 6, 7], [8, 9, 10, 11, 12, 13, 14, 15, 16, 17], [18, 19, 20]]
[[1], [2, 3, 4], [5, 6, 7], [8, 9, 10, 11, 12, 13, 14, 15, 16, 17, 18], [19, 20]]
[[1], [2, 3, 4], [5, 6, 7], [8, 9, 10, 11, 12, 13, 14, 15, 16, 17, 18, 19], [20]]
[[1], [2, 3, 4], [5, 6, 7, 8], [9], [10, 11, 12, 13, 14, 15, 16, 17, 18, 19, 20]]
[[1], [2, 3, 4], [5, 6, 7, 8], [9, 10], [11, 12, 13, 14, 15, 16, 17, 18, 19, 20]]
[[1], [2, 3, 4], [5, 6, 7, 8], [9, 10, 11], [12, 13, 14, 15, 16, 17, 18, 19, 20]]
[[1], [2, 3, 4], [5, 6, 7, 8], [9, 10, 11, 12], [13, 14, 15, 16, 17, 18, 19, 20]]
[[1], [2, 3, 4], [5, 6, 7, 8], [9, 10, 11, 12, 13], [14, 15, 16, 17, 18, 19, 20]]
[[1], [2, 3, 4], [5, 6, 7, 8], [9, 10, 11, 12, 13, 14], [15, 16, 17, 18, 19, 20]]
[[1], [2, 3, 4], [5, 6, 7, 8], [9, 10, 11, 12, 13, 14, 15], [16, 17, 18, 19, 20]]
[[1], [2, 3, 4], [5, 6, 7, 8], [9, 10, 11, 12, 13, 14, 15, 16], [17, 18, 19, 20]]
[[1], [2, 3, 4], [5, 6, 7, 8], [9, 10, 11, 12, 13, 14, 15, 16, 17], [18, 19, 20]]
[[1], [2, 3, 4], [5, 6, 7, 8], [9, 10, 11, 12, 13, 14, 15, 16, 17, 18], [19, 20]]
[[1], [2, 3, 4], [5, 6, 7, 8], [9, 10, 11, 12, 13, 14, 15, 16, 17, 18, 19], [20]]
[[1], [2, 3, 4], [5, 6, 7, 8, 9], [10], [11, 12, 13, 14, 15, 16, 17, 18, 19, 20]]
[[1], [2, 3, 4], [5, 6, 7, 8, 9], [10, 11], [12, 13, 14, 15, 16, 17, 18, 19, 20]]
[[1], [2, 3, 4], [5, 6, 7, 8, 9], [10, 11, 12], [13, 14, 15, 16, 17, 18, 19, 20]]
[[1], [2, 3, 4], [5, 6, 7, 8, 9], [10, 11, 12, 13], [14, 15, 16, 17, 18, 19, 20]]
[[1], [2, 3, 4], [5, 6, 7, 8, 9], [10, 11, 12, 13, 14], [15, 16, 17, 18, 19, 20]]
[[1], [2, 3, 4], [5, 6, 7, 8, 9], [10, 11, 12, 13, 14, 15], [16, 17, 18, 19, 20]]
[[1], [2, 3, 4], [5, 6, 7, 8, 9], [10, 11, 12, 13, 14, 15, 16], [17, 18, 19, 20]]
[[1], [2, 3, 4], [5, 6, 7, 8, 9], [10, 11, 12, 13, 14, 15, 16, 17], [18, 19, 20]]
[[1], [2, 3, 4], [5, 6, 7, 8, 9], [10, 11, 12, 13, 14, 15, 16, 17, 18], [19, 20]]
[[1], [2, 3, 4], [5, 6, 7, 8, 9], [10, 11, 12, 13, 14, 15, 16, 17, 18, 19], [20]]
[[1], [2, 3, 4], [5, 6, 7, 8, 9, 10], [11], [12, 13, 14, 15, 16, 17, 18, 19, 20]]
[[1], [2, 3, 4], [5, 6, 7, 8, 9, 10], [11, 12], [13, 14, 15, 16, 17, 18, 19, 20]]
[[1], [2, 3, 4], [5, 6, 7, 8, 9, 10], [11, 12, 13], [14, 15, 16, 17, 18, 19, 20]]
[[1], [2, 3, 4], [5, 6, 7, 8, 9, 10], [11, 12, 13, 14], [15, 16, 17, 18, 19, 20]]
[[1], [2, 3, 4], [5, 6, 7, 8, 9, 10], [11, 12, 13, 14, 15], [16, 17, 18, 19, 20]]
[[1], [2, 3, 4], [5, 6, 7, 8, 9, 10], [11, 12, 13, 14, 15, 16], [17, 18, 19, 20]]
[[1], [2, 3, 4], [5, 6, 7, 8, 9, 10], [11, 12, 13, 14, 15, 16, 17], [18, 19, 20]]
[[1], [2, 3, 4], [5, 6, 7, 8, 9, 10], [11, 12, 13, 14, 15, 16, 17, 18], [19, 20]]
[[1], [2, 3, 4], [5, 6, 7, 8, 9, 10], [11, 12, 13, 14, 15, 16, 17, 18, 19], [20]]
[[1], [2, 3, 4], [5, 6, 7, 8, 9, 10, 11], [12], [13, 14, 15, 16, 17, 18, 19, 20]]
[[1], [2, 3, 4], [5, 6, 7, 8, 9, 10, 11], [12, 13], [14, 15, 16, 17, 18, 19, 20]]
[[1], [2, 3, 4], [5, 6, 7, 8, 9, 10, 11], [12, 13, 14], [15, 16, 17, 18, 19, 20]]
[[1], [2, 3, 4], [5, 6, 7, 8, 9, 10, 11], [12, 13, 14, 15], [16, 17, 18, 19, 20]]
[[1], [2, 3, 4], [5, 6, 7, 8, 9, 10, 11], [12, 13, 14, 15, 16], [17, 18, 19, 20]]
[[1], [2, 3, 4], [5, 6, 7, 8, 9, 10, 11], [12, 13, 14, 15, 16, 17], [18, 19, 20]]
[[1], [2, 3, 4], [5, 6, 7, 8, 9, 10, 11], [12, 13, 14, 15, 16, 17, 18], [19, 20]]
[[1], [2, 3, 4], [5, 6, 7, 8, 9, 10, 11], [12, 13, 14, 15, 16, 17, 18, 19], [20]]
[[1], [2, 3, 4], [5, 6, 7, 8, 9, 10, 11, 12], [13], [14, 15, 16, 17, 18, 19, 20]]
[[1], [2, 3, 4], [5, 6, 7, 8, 9, 10, 11, 12], [13, 14], [15, 16, 17, 18, 19, 20]]
[[1], [2, 3, 4], [5, 6, 7, 8, 9, 10, 11, 12], [13, 14, 15], [16, 17, 18, 19, 20]]
[[1], [2, 3, 4], [5, 6, 7, 8, 9, 10, 11, 12], [13, 14, 15, 16], [17, 18, 19, 20]]
[[1], [2, 3, 4], [5, 6, 7, 8, 9, 10, 11, 12], [13, 14, 15, 16, 17], [18, 19, 20]]
[[1], [2, 3, 4], [5, 6, 7, 8, 9, 10, 11, 12], [13, 14, 15, 16, 17, 18], [19, 20]]
[[1], [2, 3, 4], [5, 6, 7, 8, 9, 10, 11, 12], [13, 14, 15, 16, 17, 18, 19], [20]]
[[1], [2, 3, 4], [5, 6, 7, 8, 9, 10, 11, 12, 13], [14], [15, 16, 17, 18, 19, 20]]
[[1], [2, 3, 4], [5, 6, 7, 8, 9, 10, 11, 12, 13], [14, 15], [16, 17, 18, 19, 20]]
[[1], [2, 3, 4], [5, 6, 7, 8, 9, 10, 11, 12, 13], [14, 15, 16], [17, 18, 19, 20]]
[[1], [2, 3, 4], [5, 6, 7, 8, 9, 10, 11, 12, 13], [14, 15, 16, 17], [18, 19, 20]]
[[1], [2, 3, 4], [5, 6, 7, 8, 9, 10, 11, 12, 13], [14, 15, 16, 17, 18], [19, 20]]
[[1], [2, 3, 4], [5, 6, 7, 8, 9, 10, 11, 12, 13], [14, 15, 16, 17, 18, 19], [20]]
[[1], [2, 3, 4], [5, 6, 7, 8, 9, 10, 11, 12, 13, 14], [15], [16, 17, 18, 19, 20]]
[[1], [2, 3, 4], [5, 6, 7, 8, 9, 10, 11, 12, 13, 14], [15, 16], [17, 18, 19, 20]]
[[1], [2, 3, 4], [5, 6, 7, 8, 9, 10, 11, 12, 13, 14], [15, 16, 17], [18, 19, 20]]
[[1], [2, 3, 4], [5, 6, 7, 8, 9, 10, 11, 12, 13, 14], [15, 16, 17, 18], [19, 20]]
[[1], [2, 3, 4], [5, 6, 7, 8, 9, 10, 11, 12, 13, 14], [15, 16, 17, 18, 19], [20]]
[[1], [2, 3, 4], [5, 6, 7, 8, 9, 10, 11, 12, 13, 14, 15], [16], [17, 18, 19, 20]]
[[1], [2, 3, 4], [5, 6, 7, 8, 9, 10, 11, 12, 13, 14, 15], [16, 17], [18, 19, 20]]
[[1], [2, 3, 4], [5, 6, 7, 8, 9, 10, 11, 12, 13, 14, 15], [16, 17, 18], [19, 20]]
[[1], [2, 3, 4], [5, 6, 7, 8, 9, 10, 11, 12, 13, 14, 15], [16, 17, 18, 19], [20]]
[[1], [2, 3, 4], [5, 6, 7, 8, 9, 10, 11, 12, 13, 14, 15, 16], [17], [18, 19, 20]]
[[1], [2, 3, 4], [5, 6, 7, 8, 9, 10, 11, 12, 13, 14, 15, 16], [17, 18], [19, 20]]
[[1], [2, 3, 4], [5, 6, 7, 8, 9, 10, 11, 12, 13, 14, 15, 16], [17, 18, 19], [20]]
[[1], [2, 3, 4], [5, 6, 7, 8, 9, 10, 11, 12, 13, 14, 15, 16, 17], [18], [19, 20]]
[[1], [2, 3, 4], [5, 6, 7, 8, 9, 10, 11, 12, 13, 14, 15, 16, 17], [18, 19], [20]]
[[1], [2, 3, 4], [5, 6, 7, 8, 9, 10, 11, 12, 13, 14, 15, 16, 17, 18], [19], [20]]
[[1], [2, 3, 4, 5], [6], [7], [8, 9, 10, 11, 12, 13, 14, 15, 16, 17, 18, 19, 20]]
[[1], [2, 3, 4, 5], [6], [7, 8], [9, 10, 11, 12, 13, 14, 15, 16, 17, 18, 19, 20]]
[[1], [2, 3, 4, 5], [6], [7, 8, 9], [10, 11, 12, 13, 14, 15, 16, 17, 18, 19, 20]]
[[1], [2, 3, 4, 5], [6], [7, 8, 9, 10], [11, 12, 13, 14, 15, 16, 17, 18, 19, 20]]
[[1], [2, 3, 4, 5], [6], [7, 8, 9, 10, 11], [12, 13, 14, 15, 16, 17, 18, 19, 20]]
[[1], [2, 3, 4, 5], [6], [7, 8, 9, 10, 11, 12], [13, 14, 15, 16, 17, 18, 19, 20]]
[[1], [2, 3, 4, 5], [6], [7, 8, 9, 10, 11, 12, 13], [14, 15, 16, 17, 18, 19, 20]]
[[1], [2, 3, 4, 5], [6], [7, 8, 9, 10, 11, 12, 13, 14], [15, 16, 17, 18, 19, 20]]
[[1], [2, 3, 4, 5], [6], [7, 8, 9, 10, 11, 12, 13, 14, 15], [16, 17, 18, 19, 20]]
[[1], [2, 3, 4, 5], [6], [7, 8, 9, 10, 11, 12, 13, 14, 15, 16], [17, 18, 19, 20]]
[[1], [2, 3, 4, 5], [6], [7, 8, 9, 10, 11, 12, 13, 14, 15, 16, 17], [18, 19, 20]]
[[1], [2, 3, 4, 5], [6], [7, 8, 9, 10, 11, 12, 13, 14, 15, 16, 17, 18], [19, 20]]
[[1], [2, 3, 4, 5], [6], [7, 8, 9, 10, 11, 12, 13, 14, 15, 16, 17, 18, 19], [20]]
[[1], [2, 3, 4, 5], [6, 7], [8], [9, 10, 11, 12, 13, 14, 15, 16, 17, 18, 19, 20]]
[[1], [2, 3, 4, 5], [6, 7], [8, 9], [10, 11, 12, 13, 14, 15, 16, 17, 18, 19, 20]]
[[1], [2, 3, 4, 5], [6, 7], [8, 9, 10], [11, 12, 13, 14, 15, 16, 17, 18, 19, 20]]
[[1], [2, 3, 4, 5], [6, 7], [8, 9, 10, 11], [12, 13, 14, 15, 16, 17, 18, 19, 20]]
[[1], [2, 3, 4, 5], [6, 7], [8, 9, 10, 11, 12], [13, 14, 15, 16, 17, 18, 19, 20]]
[[1], [2, 3, 4, 5], [6, 7], [8, 9, 10, 11, 12, 13], [14, 15, 16, 17, 18, 19, 20]]
[[1], [2, 3, 4, 5], [6, 7], [8, 9, 10, 11, 12, 13, 14], [15, 16, 17, 18, 19, 20]]
[[1], [2, 3, 4, 5], [6, 7], [8, 9, 10, 11, 12, 13, 14, 15], [16, 17, 18, 19, 20]]
[[1], [2, 3, 4, 5], [6, 7], [8, 9, 10, 11, 12, 13, 14, 15, 16], [17, 18, 19, 20]]
[[1], [2, 3, 4, 5], [6, 7], [8, 9, 10, 11, 12, 13, 14, 15, 16, 17], [18, 19, 20]]
[[1], [2, 3, 4, 5], [6, 7], [8, 9, 10, 11, 12, 13, 14, 15, 16, 17, 18], [19, 20]]
[[1], [2, 3, 4, 5], [6, 7], [8, 9, 10, 11, 12, 13, 14, 15, 16, 17, 18, 19], [20]]
[[1], [2, 3, 4, 5], [6, 7, 8], [9], [10, 11, 12, 13, 14, 15, 16, 17, 18, 19, 20]]
[[1], [2, 3, 4, 5], [6, 7, 8], [9, 10], [11, 12, 13, 14, 15, 16, 17, 18, 19, 20]]
[[1], [2, 3, 4, 5], [6, 7, 8], [9, 10, 11], [12, 13, 14, 15, 16, 17, 18, 19, 20]]
[[1], [2, 3, 4, 5], [6, 7, 8], [9, 10, 11, 12], [13, 14, 15, 16, 17, 18, 19, 20]]
[[1], [2, 3, 4, 5], [6, 7, 8], [9, 10, 11, 12, 13], [14, 15, 16, 17, 18, 19, 20]]
[[1], [2, 3, 4, 5], [6, 7, 8], [9, 10, 11, 12, 13, 14], [15, 16, 17, 18, 19, 20]]
[[1], [2, 3, 4, 5], [6, 7, 8], [9, 10, 11, 12, 13, 14, 15], [16, 17, 18, 19, 20]]
[[1], [2, 3, 4, 5], [6, 7, 8], [9, 10, 11, 12, 13, 14, 15, 16], [17, 18, 19, 20]]
[[1], [2, 3, 4, 5], [6, 7, 8], [9, 10, 11, 12, 13, 14, 15, 16, 17], [18, 19, 20]]
[[1], [2, 3, 4, 5], [6, 7, 8], [9, 10, 11, 12, 13, 14, 15, 16, 17, 18], [19, 20]]
[[1], [2, 3, 4, 5], [6, 7, 8], [9, 10, 11, 12, 13, 14, 15, 16, 17, 18, 19], [20]]
[[1], [2, 3, 4, 5], [6, 7, 8, 9], [10], [11, 12, 13, 14, 15, 16, 17, 18, 19, 20]]
[[1], [2, 3, 4, 5], [6, 7, 8, 9], [10, 11], [12, 13, 14, 15, 16, 17, 18, 19, 20]]
[[1], [2, 3, 4, 5], [6, 7, 8, 9], [10, 11, 12], [13, 14, 15, 16, 17, 18, 19, 20]]
[[1], [2, 3, 4, 5], [6, 7, 8, 9], [10, 11, 12, 13], [14, 15, 16, 17, 18, 19, 20]]
[[1], [2, 3, 4, 5], [6, 7, 8, 9], [10, 11, 12, 13, 14], [15, 16, 17, 18, 19, 20]]
[[1], [2, 3, 4, 5], [6, 7, 8, 9], [10, 11, 12, 13, 14, 15], [16, 17, 18, 19, 20]]
[[1], [2, 3, 4, 5], [6, 7, 8, 9], [10, 11, 12, 13, 14, 15, 16], [17, 18, 19, 20]]
[[1], [2, 3, 4, 5], [6, 7, 8, 9], [10, 11, 12, 13, 14, 15, 16, 17], [18, 19, 20]]
[[1], [2, 3, 4, 5], [6, 7, 8, 9], [10, 11, 12, 13, 14, 15, 16, 17, 18], [19, 20]]
[[1], [2, 3, 4, 5], [6, 7, 8, 9], [10, 11, 12, 13, 14, 15, 16, 17, 18, 19], [20]]
[[1], [2, 3, 4, 5], [6, 7, 8, 9, 10], [11], [12, 13, 14, 15, 16, 17, 18, 19, 20]]
[[1], [2, 3, 4, 5], [6, 7, 8, 9, 10], [11, 12], [13, 14, 15, 16, 17, 18, 19, 20]]
[[1], [2, 3, 4, 5], [6, 7, 8, 9, 10], [11, 12, 13], [14, 15, 16, 17, 18, 19, 20]]
[[1], [2, 3, 4, 5], [6, 7, 8, 9, 10], [11, 12, 13, 14], [15, 16, 17, 18, 19, 20]]
[[1], [2, 3, 4, 5], [6, 7, 8, 9, 10], [11, 12, 13, 14, 15], [16, 17, 18, 19, 20]]
[[1], [2, 3, 4, 5], [6, 7, 8, 9, 10], [11, 12, 13, 14, 15, 16], [17, 18, 19, 20]]
[[1], [2, 3, 4, 5], [6, 7, 8, 9, 10], [11, 12, 13, 14, 15, 16, 17], [18, 19, 20]]
[[1], [2, 3, 4, 5], [6, 7, 8, 9, 10], [11, 12, 13, 14, 15, 16, 17, 18], [19, 20]]
[[1], [2, 3, 4, 5], [6, 7, 8, 9, 10], [11, 12, 13, 14, 15, 16, 17, 18, 19], [20]]
[[1], [2, 3, 4, 5], [6, 7, 8, 9, 10, 11], [12], [13, 14, 15, 16, 17, 18, 19, 20]]
[[1], [2, 3, 4, 5], [6, 7, 8, 9, 10, 11], [12, 13], [14, 15, 16, 17, 18, 19, 20]]
[[1], [2, 3, 4, 5], [6, 7, 8, 9, 10, 11], [12, 13, 14], [15, 16, 17, 18, 19, 20]]
[[1], [2, 3, 4, 5], [6, 7, 8, 9, 10, 11], [12, 13, 14, 15], [16, 17, 18, 19, 20]]
[[1], [2, 3, 4, 5], [6, 7, 8, 9, 10, 11], [12, 13, 14, 15, 16], [17, 18, 19, 20]]
[[1], [2, 3, 4, 5], [6, 7, 8, 9, 10, 11], [12, 13, 14, 15, 16, 17], [18, 19, 20]]
[[1], [2, 3, 4, 5], [6, 7, 8, 9, 10, 11], [12, 13, 14, 15, 16, 17, 18], [19, 20]]
[[1], [2, 3, 4, 5], [6, 7, 8, 9, 10, 11], [12, 13, 14, 15, 16, 17, 18, 19], [20]]
[[1], [2, 3, 4, 5], [6, 7, 8, 9, 10, 11, 12], [13], [14, 15, 16, 17, 18, 19, 20]]
[[1], [2, 3, 4, 5], [6, 7, 8, 9, 10, 11, 12], [13, 14], [15, 16, 17, 18, 19, 20]]
[[1], [2, 3, 4, 5], [6, 7, 8, 9, 10, 11, 12], [13, 14, 15], [16, 17, 18, 19, 20]]
[[1], [2, 3, 4, 5], [6, 7, 8, 9, 10, 11, 12], [13, 14, 15, 16], [17, 18, 19, 20]]
[[1], [2, 3, 4, 5], [6, 7, 8, 9, 10, 11, 12], [13, 14, 15, 16, 17], [18, 19, 20]]
[[1], [2, 3, 4, 5], [6, 7, 8, 9, 10, 11, 12], [13, 14, 15, 16, 17, 18], [19, 20]]
[[1], [2, 3, 4, 5], [6, 7, 8, 9, 10, 11, 12], [13, 14, 15, 16, 17, 18, 19], [20]]
[[1], [2, 3, 4, 5], [6, 7, 8, 9, 10, 11, 12, 13], [14], [15, 16, 17, 18, 19, 20]]
[[1], [2, 3, 4, 5], [6, 7, 8, 9, 10, 11, 12, 13], [14, 15], [16, 17, 18, 19, 20]]
[[1], [2, 3, 4, 5], [6, 7, 8, 9, 10, 11, 12, 13], [14, 15, 16], [17, 18, 19, 20]]
[[1], [2, 3, 4, 5], [6, 7, 8, 9, 10, 11, 12, 13], [14, 15, 16, 17], [18, 19, 20]]
[[1], [2, 3, 4, 5], [6, 7, 8, 9, 10, 11, 12, 13], [14, 15, 16, 17, 18], [19, 20]]
[[1], [2, 3, 4, 5], [6, 7, 8, 9, 10, 11, 12, 13], [14, 15, 16, 17, 18, 19], [20]]
[[1], [2, 3, 4, 5], [6, 7, 8, 9, 10, 11, 12, 13, 14], [15], [16, 17, 18, 19, 20]]
[[1], [2, 3, 4, 5], [6, 7, 8, 9, 10, 11, 12, 13, 14], [15, 16], [17, 18, 19, 20]]
[[1], [2, 3, 4, 5], [6, 7, 8, 9, 10, 11, 12, 13, 14], [15, 16, 17], [18, 19, 20]]
[[1], [2, 3, 4, 5], [6, 7, 8, 9, 10, 11, 12, 13, 14], [15, 16, 17, 18], [19, 20]]
[[1], [2, 3, 4, 5], [6, 7, 8, 9, 10, 11, 12, 13, 14], [15, 16, 17, 18, 19], [20]]
[[1], [2, 3, 4, 5], [6, 7, 8, 9, 10, 11, 12, 13, 14, 15], [16], [17, 18, 19, 20]]
[[1], [2, 3, 4, 5], [6, 7, 8, 9, 10, 11, 12, 13, 14, 15], [16, 17], [18, 19, 20]]
[[1], [2, 3, 4, 5], [6, 7, 8, 9, 10, 11, 12, 13, 14, 15], [16, 17, 18], [19, 20]]
[[1], [2, 3, 4, 5], [6, 7, 8, 9, 10, 11, 12, 13, 14, 15], [16, 17, 18, 19], [20]]
[[1], [2, 3, 4, 5], [6, 7, 8, 9, 10, 11, 12, 13, 14, 15, 16], [17], [18, 19, 20]]
[[1], [2, 3, 4, 5], [6, 7, 8, 9, 10, 11, 12, 13, 14, 15, 16], [17, 18], [19, 20]]
[[1], [2, 3, 4, 5], [6, 7, 8, 9, 10, 11, 12, 13, 14, 15, 16], [17, 18, 19], [20]]
[[1], [2, 3, 4, 5], [6, 7, 8, 9, 10, 11, 12, 13, 14, 15, 16, 17], [18], [19, 20]]
[[1], [2, 3, 4, 5], [6, 7, 8, 9, 10, 11, 12, 13, 14, 15, 16, 17], [18, 19], [20]]
[[1], [2, 3, 4, 5], [6, 7, 8, 9, 10, 11, 12, 13, 14, 15, 16, 17, 18], [19], [20]]
[[1], [2, 3, 4, 5, 6], [7], [8], [9, 10, 11, 12, 13, 14, 15, 16, 17, 18, 19, 20]]
[[1], [2, 3, 4, 5, 6], [7], [8, 9], [10, 11, 12, 13, 14, 15, 16, 17, 18, 19, 20]]
[[1], [2, 3, 4, 5, 6], [7], [8, 9, 10], [11, 12, 13, 14, 15, 16, 17, 18, 19, 20]]
[[1], [2, 3, 4, 5, 6], [7], [8, 9, 10, 11], [12, 13, 14, 15, 16, 17, 18, 19, 20]]
[[1], [2, 3, 4, 5, 6], [7], [8, 9, 10, 11, 12], [13, 14, 15, 16, 17, 18, 19, 20]]
[[1], [2, 3, 4, 5, 6], [7], [8, 9, 10, 11, 12, 13], [14, 15, 16, 17, 18, 19, 20]]
[[1], [2, 3, 4, 5, 6], [7], [8, 9, 10, 11, 12, 13, 14], [15, 16, 17, 18, 19, 20]]
[[1], [2, 3, 4, 5, 6], [7], [8, 9, 10, 11, 12, 13, 14, 15], [16, 17, 18, 19, 20]]
[[1], [2, 3, 4, 5, 6], [7], [8, 9, 10, 11, 12, 13, 14, 15, 16], [17, 18, 19, 20]]
[[1], [2, 3, 4, 5, 6], [7], [8, 9, 10, 11, 12, 13, 14, 15, 16, 17], [18, 19, 20]]
[[1], [2, 3, 4, 5, 6], [7], [8, 9, 10, 11, 12, 13, 14, 15, 16, 17, 18], [19, 20]]
[[1], [2, 3, 4, 5, 6], [7], [8, 9, 10, 11, 12, 13, 14, 15, 16, 17, 18, 19], [20]]
[[1], [2, 3, 4, 5, 6], [7, 8], [9], [10, 11, 12, 13, 14, 15, 16, 17, 18, 19, 20]]
[[1], [2, 3, 4, 5, 6], [7, 8], [9, 10], [11, 12, 13, 14, 15, 16, 17, 18, 19, 20]]
[[1], [2, 3, 4, 5, 6], [7, 8], [9, 10, 11], [12, 13, 14, 15, 16, 17, 18, 19, 20]]
[[1], [2, 3, 4, 5, 6], [7, 8], [9, 10, 11, 12], [13, 14, 15, 16, 17, 18, 19, 20]]
[[1], [2, 3, 4, 5, 6], [7, 8], [9, 10, 11, 12, 13], [14, 15, 16, 17, 18, 19, 20]]
[[1], [2, 3, 4, 5, 6], [7, 8], [9, 10, 11, 12, 13, 14], [15, 16, 17, 18, 19, 20]]
[[1], [2, 3, 4, 5, 6], [7, 8], [9, 10, 11, 12, 13, 14, 15], [16, 17, 18, 19, 20]]
[[1], [2, 3, 4, 5, 6], [7, 8], [9, 10, 11, 12, 13, 14, 15, 16], [17, 18, 19, 20]]
[[1], [2, 3, 4, 5, 6], [7, 8], [9, 10, 11, 12, 13, 14, 15, 16, 17], [18, 19, 20]]
[[1], [2, 3, 4, 5, 6], [7, 8], [9, 10, 11, 12, 13, 14, 15, 16, 17, 18], [19, 20]]
[[1], [2, 3, 4, 5, 6], [7, 8], [9, 10, 11, 12, 13, 14, 15, 16, 17, 18, 19], [20]]
[[1], [2, 3, 4, 5, 6], [7, 8, 9], [10], [11, 12, 13, 14, 15, 16, 17, 18, 19, 20]]
[[1], [2, 3, 4, 5, 6], [7, 8, 9], [10, 11], [12, 13, 14, 15, 16, 17, 18, 19, 20]]
[[1], [2, 3, 4, 5, 6], [7, 8, 9], [10, 11, 12], [13, 14, 15, 16, 17, 18, 19, 20]]
[[1], [2, 3, 4, 5, 6], [7, 8, 9], [10, 11, 12, 13], [14, 15, 16, 17, 18, 19, 20]]
[[1], [2, 3, 4, 5, 6], [7, 8, 9], [10, 11, 12, 13, 14], [15, 16, 17, 18, 19, 20]]
[[1], [2, 3, 4, 5, 6], [7, 8, 9], [10, 11, 12, 13, 14, 15], [16, 17, 18, 19, 20]]
[[1], [2, 3, 4, 5, 6], [7, 8, 9], [10, 11, 12, 13, 14, 15, 16], [17, 18, 19, 20]]
[[1], [2, 3, 4, 5, 6], [7, 8, 9], [10, 11, 12, 13, 14, 15, 16, 17], [18, 19, 20]]
[[1], [2, 3, 4, 5, 6], [7, 8, 9], [10, 11, 12, 13, 14, 15, 16, 17, 18], [19, 20]]
[[1], [2, 3, 4, 5, 6], [7, 8, 9], [10, 11, 12, 13, 14, 15, 16, 17, 18, 19], [20]]
[[1], [2, 3, 4, 5, 6], [7, 8, 9, 10], [11], [12, 13, 14, 15, 16, 17, 18, 19, 20]]
[[1], [2, 3, 4, 5, 6], [7, 8, 9, 10], [11, 12], [13, 14, 15, 16, 17, 18, 19, 20]]
[[1], [2, 3, 4, 5, 6], [7, 8, 9, 10], [11, 12, 13], [14, 15, 16, 17, 18, 19, 20]]
[[1], [2, 3, 4, 5, 6], [7, 8, 9, 10], [11, 12, 13, 14], [15, 16, 17, 18, 19, 20]]
[[1], [2, 3, 4, 5, 6], [7, 8, 9, 10], [11, 12, 13, 14, 15], [16, 17, 18, 19, 20]]
[[1], [2, 3, 4, 5, 6], [7, 8, 9, 10], [11, 12, 13, 14, 15, 16], [17, 18, 19, 20]]
[[1], [2, 3, 4, 5, 6], [7, 8, 9, 10], [11, 12, 13, 14, 15, 16, 17], [18, 19, 20]]
[[1], [2, 3, 4, 5, 6], [7, 8, 9, 10], [11, 12, 13, 14, 15, 16, 17, 18], [19, 20]]
[[1], [2, 3, 4, 5, 6], [7, 8, 9, 10], [11, 12, 13, 14, 15, 16, 17, 18, 19], [20]]
[[1], [2, 3, 4, 5, 6], [7, 8, 9, 10, 11], [12], [13, 14, 15, 16, 17, 18, 19, 20]]
[[1], [2, 3, 4, 5, 6], [7, 8, 9, 10, 11], [12, 13], [14, 15, 16, 17, 18, 19, 20]]
[[1], [2, 3, 4, 5, 6], [7, 8, 9, 10, 11], [12, 13, 14], [15, 16, 17, 18, 19, 20]]
[[1], [2, 3, 4, 5, 6], [7, 8, 9, 10, 11], [12, 13, 14, 15], [16, 17, 18, 19, 20]]
[[1], [2, 3, 4, 5, 6], [7, 8, 9, 10, 11], [12, 13, 14, 15, 16], [17, 18, 19, 20]]
[[1], [2, 3, 4, 5, 6], [7, 8, 9, 10, 11], [12, 13, 14, 15, 16, 17], [18, 19, 20]]
[[1], [2, 3, 4, 5, 6], [7, 8, 9, 10, 11], [12, 13, 14, 15, 16, 17, 18], [19, 20]]
[[1], [2, 3, 4, 5, 6], [7, 8, 9, 10, 11], [12, 13, 14, 15, 16, 17, 18, 19], [20]]
[[1], [2, 3, 4, 5, 6], [7, 8, 9, 10, 11, 12], [13], [14, 15, 16, 17, 18, 19, 20]]
[[1], [2, 3, 4, 5, 6], [7, 8, 9, 10, 11, 12], [13, 14], [15, 16, 17, 18, 19, 20]]
[[1], [2, 3, 4, 5, 6], [7, 8, 9, 10, 11, 12], [13, 14, 15], [16, 17, 18, 19, 20]]
[[1], [2, 3, 4, 5, 6], [7, 8, 9, 10, 11, 12], [13, 14, 15, 16], [17, 18, 19, 20]]
[[1], [2, 3, 4, 5, 6], [7, 8, 9, 10, 11, 12], [13, 14, 15, 16, 17], [18, 19, 20]]
[[1], [2, 3, 4, 5, 6], [7, 8, 9, 10, 11, 12], [13, 14, 15, 16, 17, 18], [19, 20]]
[[1], [2, 3, 4, 5, 6], [7, 8, 9, 10, 11, 12], [13, 14, 15, 16, 17, 18, 19], [20]]
[[1], [2, 3, 4, 5, 6], [7, 8, 9, 10, 11, 12, 13], [14], [15, 16, 17, 18, 19, 20]]
[[1], [2, 3, 4, 5, 6], [7, 8, 9, 10, 11, 12, 13], [14, 15], [16, 17, 18, 19, 20]]
[[1], [2, 3, 4, 5, 6], [7, 8, 9, 10, 11, 12, 13], [14, 15, 16], [17, 18, 19, 20]]
[[1], [2, 3, 4, 5, 6], [7, 8, 9, 10, 11, 12, 13], [14, 15, 16, 17], [18, 19, 20]]
[[1], [2, 3, 4, 5, 6], [7, 8, 9, 10, 11, 12, 13], [14, 15, 16, 17, 18], [19, 20]]
[[1], [2, 3, 4, 5, 6], [7, 8, 9, 10, 11, 12, 13], [14, 15, 16, 17, 18, 19], [20]]
[[1], [2, 3, 4, 5, 6], [7, 8, 9, 10, 11, 12, 13, 14], [15], [16, 17, 18, 19, 20]]
[[1], [2, 3, 4, 5, 6], [7, 8, 9, 10, 11, 12, 13, 14], [15, 16], [17, 18, 19, 20]]
[[1], [2, 3, 4, 5, 6], [7, 8, 9, 10, 11, 12, 13, 14], [15, 16, 17], [18, 19, 20]]
[[1], [2, 3, 4, 5, 6], [7, 8, 9, 10, 11, 12, 13, 14], [15, 16, 17, 18], [19, 20]]
[[1], [2, 3, 4, 5, 6], [7, 8, 9, 10, 11, 12, 13, 14], [15, 16, 17, 18, 19], [20]]
[[1], [2, 3, 4, 5, 6], [7, 8, 9, 10, 11, 12, 13, 14, 15], [16], [17, 18, 19, 20]]
[[1], [2, 3, 4, 5, 6], [7, 8, 9, 10, 11, 12, 13, 14, 15], [16, 17], [18, 19, 20]]
[[1], [2, 3, 4, 5, 6], [7, 8, 9, 10, 11, 12, 13, 14, 15], [16, 17, 18], [19, 20]]
[[1], [2, 3, 4, 5, 6], [7, 8, 9, 10, 11, 12, 13, 14, 15], [16, 17, 18, 19], [20]]
[[1], [2, 3, 4, 5, 6], [7, 8, 9, 10, 11, 12, 13, 14, 15, 16], [17], [18, 19, 20]]
[[1], [2, 3, 4, 5, 6], [7, 8, 9, 10, 11, 12, 13, 14, 15, 16], [17, 18], [19, 20]]
[[1], [2, 3, 4, 5, 6], [7, 8, 9, 10, 11, 12, 13, 14, 15, 16], [17, 18, 19], [20]]
[[1], [2, 3, 4, 5, 6], [7, 8, 9, 10, 11, 12, 13, 14, 15, 16, 17], [18], [19, 20]]
[[1], [2, 3, 4, 5, 6], [7, 8, 9, 10, 11, 12, 13, 14, 15, 16, 17], [18, 19], [20]]
[[1], [2, 3, 4, 5, 6], [7, 8, 9, 10, 11, 12, 13, 14, 15, 16, 17, 18], [19], [20]]
[[1], [2, 3, 4, 5, 6, 7], [8], [9], [10, 11, 12, 13, 14, 15, 16, 17, 18, 19, 20]]
[[1], [2, 3, 4, 5, 6, 7], [8], [9, 10], [11, 12, 13, 14, 15, 16, 17, 18, 19, 20]]
[[1], [2, 3, 4, 5, 6, 7], [8], [9, 10, 11], [12, 13, 14, 15, 16, 17, 18, 19, 20]]
[[1], [2, 3, 4, 5, 6, 7], [8], [9, 10, 11, 12], [13, 14, 15, 16, 17, 18, 19, 20]]
[[1], [2, 3, 4, 5, 6, 7], [8], [9, 10, 11, 12, 13], [14, 15, 16, 17, 18, 19, 20]]
[[1], [2, 3, 4, 5, 6, 7], [8], [9, 10, 11, 12, 13, 14], [15, 16, 17, 18, 19, 20]]
[[1], [2, 3, 4, 5, 6, 7], [8], [9, 10, 11, 12, 13, 14, 15], [16, 17, 18, 19, 20]]
[[1], [2, 3, 4, 5, 6, 7], [8], [9, 10, 11, 12, 13, 14, 15, 16], [17, 18, 19, 20]]
[[1], [2, 3, 4, 5, 6, 7], [8], [9, 10, 11, 12, 13, 14, 15, 16, 17], [18, 19, 20]]
[[1], [2, 3, 4, 5, 6, 7], [8], [9, 10, 11, 12, 13, 14, 15, 16, 17, 18], [19, 20]]
[[1], [2, 3, 4, 5, 6, 7], [8], [9, 10, 11, 12, 13, 14, 15, 16, 17, 18, 19], [20]]
[[1], [2, 3, 4, 5, 6, 7], [8, 9], [10], [11, 12, 13, 14, 15, 16, 17, 18, 19, 20]]
[[1], [2, 3, 4, 5, 6, 7], [8, 9], [10, 11], [12, 13, 14, 15, 16, 17, 18, 19, 20]]
[[1], [2, 3, 4, 5, 6, 7], [8, 9], [10, 11, 12], [13, 14, 15, 16, 17, 18, 19, 20]]
[[1], [2, 3, 4, 5, 6, 7], [8, 9], [10, 11, 12, 13], [14, 15, 16, 17, 18, 19, 20]]
[[1], [2, 3, 4, 5, 6, 7], [8, 9], [10, 11, 12, 13, 14], [15, 16, 17, 18, 19, 20]]
[[1], [2, 3, 4, 5, 6, 7], [8, 9], [10, 11, 12, 13, 14, 15], [16, 17, 18, 19, 20]]
[[1], [2, 3, 4, 5, 6, 7], [8, 9], [10, 11, 12, 13, 14, 15, 16], [17, 18, 19, 20]]
[[1], [2, 3, 4, 5, 6, 7], [8, 9], [10, 11, 12, 13, 14, 15, 16, 17], [18, 19, 20]]
[[1], [2, 3, 4, 5, 6, 7], [8, 9], [10, 11, 12, 13, 14, 15, 16, 17, 18], [19, 20]]
[[1], [2, 3, 4, 5, 6, 7], [8, 9], [10, 11, 12, 13, 14, 15, 16, 17, 18, 19], [20]]
[[1], [2, 3, 4, 5, 6, 7], [8, 9, 10], [11], [12, 13, 14, 15, 16, 17, 18, 19, 20]]
[[1], [2, 3, 4, 5, 6, 7], [8, 9, 10], [11, 12], [13, 14, 15, 16, 17, 18, 19, 20]]
[[1], [2, 3, 4, 5, 6, 7], [8, 9, 10], [11, 12, 13], [14, 15, 16, 17, 18, 19, 20]]
[[1], [2, 3, 4, 5, 6, 7], [8, 9, 10], [11, 12, 13, 14], [15, 16, 17, 18, 19, 20]]
[[1], [2, 3, 4, 5, 6, 7], [8, 9, 10], [11, 12, 13, 14, 15], [16, 17, 18, 19, 20]]
[[1], [2, 3, 4, 5, 6, 7], [8, 9, 10], [11, 12, 13, 14, 15, 16], [17, 18, 19, 20]]
[[1], [2, 3, 4, 5, 6, 7], [8, 9, 10], [11, 12, 13, 14, 15, 16, 17], [18, 19, 20]]
[[1], [2, 3, 4, 5, 6, 7], [8, 9, 10], [11, 12, 13, 14, 15, 16, 17, 18], [19, 20]]
[[1], [2, 3, 4, 5, 6, 7], [8, 9, 10], [11, 12, 13, 14, 15, 16, 17, 18, 19], [20]]
[[1], [2, 3, 4, 5, 6, 7], [8, 9, 10, 11], [12], [13, 14, 15, 16, 17, 18, 19, 20]]
[[1], [2, 3, 4, 5, 6, 7], [8, 9, 10, 11], [12, 13], [14, 15, 16, 17, 18, 19, 20]]
[[1], [2, 3, 4, 5, 6, 7], [8, 9, 10, 11], [12, 13, 14], [15, 16, 17, 18, 19, 20]]
[[1], [2, 3, 4, 5, 6, 7], [8, 9, 10, 11], [12, 13, 14, 15], [16, 17, 18, 19, 20]]
[[1], [2, 3, 4, 5, 6, 7], [8, 9, 10, 11], [12, 13, 14, 15, 16], [17, 18, 19, 20]]
[[1], [2, 3, 4, 5, 6, 7], [8, 9, 10, 11], [12, 13, 14, 15, 16, 17], [18, 19, 20]]
[[1], [2, 3, 4, 5, 6, 7], [8, 9, 10, 11], [12, 13, 14, 15, 16, 17, 18], [19, 20]]
[[1], [2, 3, 4, 5, 6, 7], [8, 9, 10, 11], [12, 13, 14, 15, 16, 17, 18, 19], [20]]
[[1], [2, 3, 4, 5, 6, 7], [8, 9, 10, 11, 12], [13], [14, 15, 16, 17, 18, 19, 20]]
[[1], [2, 3, 4, 5, 6, 7], [8, 9, 10, 11, 12], [13, 14], [15, 16, 17, 18, 19, 20]]
[[1], [2, 3, 4, 5, 6, 7], [8, 9, 10, 11, 12], [13, 14, 15], [16, 17, 18, 19, 20]]
[[1], [2, 3, 4, 5, 6, 7], [8, 9, 10, 11, 12], [13, 14, 15, 16], [17, 18, 19, 20]]
[[1], [2, 3, 4, 5, 6, 7], [8, 9, 10, 11, 12], [13, 14, 15, 16, 17], [18, 19, 20]]
[[1], [2, 3, 4, 5, 6, 7], [8, 9, 10, 11, 12], [13, 14, 15, 16, 17, 18], [19, 20]]
[[1], [2, 3, 4, 5, 6, 7], [8, 9, 10, 11, 12], [13, 14, 15, 16, 17, 18, 19], [20]]
[[1], [2, 3, 4, 5, 6, 7], [8, 9, 10, 11, 12, 13], [14], [15, 16, 17, 18, 19, 20]]
[[1], [2, 3, 4, 5, 6, 7], [8, 9, 10, 11, 12, 13], [14, 15], [16, 17, 18, 19, 20]]
[[1], [2, 3, 4, 5, 6, 7], [8, 9, 10, 11, 12, 13], [14, 15, 16], [17, 18, 19, 20]]
[[1], [2, 3, 4, 5, 6, 7], [8, 9, 10, 11, 12, 13], [14, 15, 16, 17], [18, 19, 20]]
[[1], [2, 3, 4, 5, 6, 7], [8, 9, 10, 11, 12, 13], [14, 15, 16, 17, 18], [19, 20]]
[[1], [2, 3, 4, 5, 6, 7], [8, 9, 10, 11, 12, 13], [14, 15, 16, 17, 18, 19], [20]]
[[1], [2, 3, 4, 5, 6, 7], [8, 9, 10, 11, 12, 13, 14], [15], [16, 17, 18, 19, 20]]
[[1], [2, 3, 4, 5, 6, 7], [8, 9, 10, 11, 12, 13, 14], [15, 16], [17, 18, 19, 20]]
[[1], [2, 3, 4, 5, 6, 7], [8, 9, 10, 11, 12, 13, 14], [15, 16, 17], [18, 19, 20]]
[[1], [2, 3, 4, 5, 6, 7], [8, 9, 10, 11, 12, 13, 14], [15, 16, 17, 18], [19, 20]]
[[1], [2, 3, 4, 5, 6, 7], [8, 9, 10, 11, 12, 13, 14], [15, 16, 17, 18, 19], [20]]
[[1], [2, 3, 4, 5, 6, 7], [8, 9, 10, 11, 12, 13, 14, 15], [16], [17, 18, 19, 20]]
[[1], [2, 3, 4, 5, 6, 7], [8, 9, 10, 11, 12, 13, 14, 15], [16, 17], [18, 19, 20]]
[[1], [2, 3, 4, 5, 6, 7], [8, 9, 10, 11, 12, 13, 14, 15], [16, 17, 18], [19, 20]]
[[1], [2, 3, 4, 5, 6, 7], [8, 9, 10, 11, 12, 13, 14, 15], [16, 17, 18, 19], [20]]
[[1], [2, 3, 4, 5, 6, 7], [8, 9, 10, 11, 12, 13, 14, 15, 16], [17], [18, 19, 20]]
[[1], [2, 3, 4, 5, 6, 7], [8, 9, 10, 11, 12, 13, 14, 15, 16], [17, 18], [19, 20]]
[[1], [2, 3, 4, 5, 6, 7], [8, 9, 10, 11, 12, 13, 14, 15, 16], [17, 18, 19], [20]]
[[1], [2, 3, 4, 5, 6, 7], [8, 9, 10, 11, 12, 13, 14, 15, 16, 17], [18], [19, 20]]
[[1], [2, 3, 4, 5, 6, 7], [8, 9, 10, 11, 12, 13, 14, 15, 16, 17], [18, 19], [20]]
[[1], [2, 3, 4, 5, 6, 7], [8, 9, 10, 11, 12, 13, 14, 15, 16, 17, 18], [19], [20]]
[[1], [2, 3, 4, 5, 6, 7, 8], [9], [10], [11, 12, 13, 14, 15, 16, 17, 18, 19, 20]]
[[1], [2, 3, 4, 5, 6, 7, 8], [9], [10, 11], [12, 13, 14, 15, 16, 17, 18, 19, 20]]
[[1], [2, 3, 4, 5, 6, 7, 8], [9], [10, 11, 12], [13, 14, 15, 16, 17, 18, 19, 20]]
[[1], [2, 3, 4, 5, 6, 7, 8], [9], [10, 11, 12, 13], [14, 15, 16, 17, 18, 19, 20]]
[[1], [2, 3, 4, 5, 6, 7, 8], [9], [10, 11, 12, 13, 14], [15, 16, 17, 18, 19, 20]]
[[1], [2, 3, 4, 5, 6, 7, 8], [9], [10, 11, 12, 13, 14, 15], [16, 17, 18, 19, 20]]
[[1], [2, 3, 4, 5, 6, 7, 8], [9], [10, 11, 12, 13, 14, 15, 16], [17, 18, 19, 20]]
[[1], [2, 3, 4, 5, 6, 7, 8], [9], [10, 11, 12, 13, 14, 15, 16, 17], [18, 19, 20]]
[[1], [2, 3, 4, 5, 6, 7, 8], [9], [10, 11, 12, 13, 14, 15, 16, 17, 18], [19, 20]]
[[1], [2, 3, 4, 5, 6, 7, 8], [9], [10, 11, 12, 13, 14, 15, 16, 17, 18, 19], [20]]
[[1], [2, 3, 4, 5, 6, 7, 8], [9, 10], [11], [12, 13, 14, 15, 16, 17, 18, 19, 20]]
[[1], [2, 3, 4, 5, 6, 7, 8], [9, 10], [11, 12], [13, 14, 15, 16, 17, 18, 19, 20]]
[[1], [2, 3, 4, 5, 6, 7, 8], [9, 10], [11, 12, 13], [14, 15, 16, 17, 18, 19, 20]]
[[1], [2, 3, 4, 5, 6, 7, 8], [9, 10], [11, 12, 13, 14], [15, 16, 17, 18, 19, 20]]
[[1], [2, 3, 4, 5, 6, 7, 8], [9, 10], [11, 12, 13, 14, 15], [16, 17, 18, 19, 20]]
[[1], [2, 3, 4, 5, 6, 7, 8], [9, 10], [11, 12, 13, 14, 15, 16], [17, 18, 19, 20]]
[[1], [2, 3, 4, 5, 6, 7, 8], [9, 10], [11, 12, 13, 14, 15, 16, 17], [18, 19, 20]]
[[1], [2, 3, 4, 5, 6, 7, 8], [9, 10], [11, 12, 13, 14, 15, 16, 17, 18], [19, 20]]
[[1], [2, 3, 4, 5, 6, 7, 8], [9, 10], [11, 12, 13, 14, 15, 16, 17, 18, 19], [20]]
[[1], [2, 3, 4, 5, 6, 7, 8], [9, 10, 11], [12], [13, 14, 15, 16, 17, 18, 19, 20]]
[[1], [2, 3, 4, 5, 6, 7, 8], [9, 10, 11], [12, 13], [14, 15, 16, 17, 18, 19, 20]]
[[1], [2, 3, 4, 5, 6, 7, 8], [9, 10, 11], [12, 13, 14], [15, 16, 17, 18, 19, 20]]
[[1], [2, 3, 4, 5, 6, 7, 8], [9, 10, 11], [12, 13, 14, 15], [16, 17, 18, 19, 20]]
[[1], [2, 3, 4, 5, 6, 7, 8], [9, 10, 11], [12, 13, 14, 15, 16], [17, 18, 19, 20]]
[[1], [2, 3, 4, 5, 6, 7, 8], [9, 10, 11], [12, 13, 14, 15, 16, 17], [18, 19, 20]]
[[1], [2, 3, 4, 5, 6, 7, 8], [9, 10, 11], [12, 13, 14, 15, 16, 17, 18], [19, 20]]
[[1], [2, 3, 4, 5, 6, 7, 8], [9, 10, 11], [12, 13, 14, 15, 16, 17, 18, 19], [20]]
[[1], [2, 3, 4, 5, 6, 7, 8], [9, 10, 11, 12], [13], [14, 15, 16, 17, 18, 19, 20]]
[[1], [2, 3, 4, 5, 6, 7, 8], [9, 10, 11, 12], [13, 14], [15, 16, 17, 18, 19, 20]]
[[1], [2, 3, 4, 5, 6, 7, 8], [9, 10, 11, 12], [13, 14, 15], [16, 17, 18, 19, 20]]
[[1], [2, 3, 4, 5, 6, 7, 8], [9, 10, 11, 12], [13, 14, 15, 16], [17, 18, 19, 20]]
[[1], [2, 3, 4, 5, 6, 7, 8], [9, 10, 11, 12], [13, 14, 15, 16, 17], [18, 19, 20]]
[[1], [2, 3, 4, 5, 6, 7, 8], [9, 10, 11, 12], [13, 14, 15, 16, 17, 18], [19, 20]]
[[1], [2, 3, 4, 5, 6, 7, 8], [9, 10, 11, 12], [13, 14, 15, 16, 17, 18, 19], [20]]
[[1], [2, 3, 4, 5, 6, 7, 8], [9, 10, 11, 12, 13], [14], [15, 16, 17, 18, 19, 20]]
[[1], [2, 3, 4, 5, 6, 7, 8], [9, 10, 11, 12, 13], [14, 15], [16, 17, 18, 19, 20]]
[[1], [2, 3, 4, 5, 6, 7, 8], [9, 10, 11, 12, 13], [14, 15, 16], [17, 18, 19, 20]]
[[1], [2, 3, 4, 5, 6, 7, 8], [9, 10, 11, 12, 13], [14, 15, 16, 17], [18, 19, 20]]
[[1], [2, 3, 4, 5, 6, 7, 8], [9, 10, 11, 12, 13], [14, 15, 16, 17, 18], [19, 20]]
[[1], [2, 3, 4, 5, 6, 7, 8], [9, 10, 11, 12, 13], [14, 15, 16, 17, 18, 19], [20]]
[[1], [2, 3, 4, 5, 6, 7, 8], [9, 10, 11, 12, 13, 14], [15], [16, 17, 18, 19, 20]]
[[1], [2, 3, 4, 5, 6, 7, 8], [9, 10, 11, 12, 13, 14], [15, 16], [17, 18, 19, 20]]
[[1], [2, 3, 4, 5, 6, 7, 8], [9, 10, 11, 12, 13, 14], [15, 16, 17], [18, 19, 20]]
[[1], [2, 3, 4, 5, 6, 7, 8], [9, 10, 11, 12, 13, 14], [15, 16, 17, 18], [19, 20]]
[[1], [2, 3, 4, 5, 6, 7, 8], [9, 10, 11, 12, 13, 14], [15, 16, 17, 18, 19], [20]]
[[1], [2, 3, 4, 5, 6, 7, 8], [9, 10, 11, 12, 13, 14, 15], [16], [17, 18, 19, 20]]
[[1], [2, 3, 4, 5, 6, 7, 8], [9, 10, 11, 12, 13, 14, 15], [16, 17], [18, 19, 20]]
[[1], [2, 3, 4, 5, 6, 7, 8], [9, 10, 11, 12, 13, 14, 15], [16, 17, 18], [19, 20]]
[[1], [2, 3, 4, 5, 6, 7, 8], [9, 10, 11, 12, 13, 14, 15], [16, 17, 18, 19], [20]]
[[1], [2, 3, 4, 5, 6, 7, 8], [9, 10, 11, 12, 13, 14, 15, 16], [17], [18, 19, 20]]
[[1], [2, 3, 4, 5, 6, 7, 8], [9, 10, 11, 12, 13, 14, 15, 16], [17, 18], [19, 20]]
[[1], [2, 3, 4, 5, 6, 7, 8], [9, 10, 11, 12, 13, 14, 15, 16], [17, 18, 19], [20]]
[[1], [2, 3, 4, 5, 6, 7, 8], [9, 10, 11, 12, 13, 14, 15, 16, 17], [18], [19, 20]]
[[1], [2, 3, 4, 5, 6, 7, 8], [9, 10, 11, 12, 13, 14, 15, 16, 17], [18, 19], [20]]
[[1], [2, 3, 4, 5, 6, 7, 8], [9, 10, 11, 12, 13, 14, 15, 16, 17, 18], [19], [20]]
[[1], [2, 3, 4, 5, 6, 7, 8, 9], [10], [11], [12, 13, 14, 15, 16, 17, 18, 19, 20]]
[[1], [2, 3, 4, 5, 6, 7, 8, 9], [10], [11, 12], [13, 14, 15, 16, 17, 18, 19, 20]]
[[1], [2, 3, 4, 5, 6, 7, 8, 9], [10], [11, 12, 13], [14, 15, 16, 17, 18, 19, 20]]
[[1], [2, 3, 4, 5, 6, 7, 8, 9], [10], [11, 12, 13, 14], [15, 16, 17, 18, 19, 20]]
[[1], [2, 3, 4, 5, 6, 7, 8, 9], [10], [11, 12, 13, 14, 15], [16, 17, 18, 19, 20]]
[[1], [2, 3, 4, 5, 6, 7, 8, 9], [10], [11, 12, 13, 14, 15, 16], [17, 18, 19, 20]]
[[1], [2, 3, 4, 5, 6, 7, 8, 9], [10], [11, 12, 13, 14, 15, 16, 17], [18, 19, 20]]
[[1], [2, 3, 4, 5, 6, 7, 8, 9], [10], [11, 12, 13, 14, 15, 16, 17, 18], [19, 20]]
[[1], [2, 3, 4, 5, 6, 7, 8, 9], [10], [11, 12, 13, 14, 15, 16, 17, 18, 19], [20]]
[[1], [2, 3, 4, 5, 6, 7, 8, 9], [10, 11], [12], [13, 14, 15, 16, 17, 18, 19, 20]]
[[1], [2, 3, 4, 5, 6, 7, 8, 9], [10, 11], [12, 13], [14, 15, 16, 17, 18, 19, 20]]
[[1], [2, 3, 4, 5, 6, 7, 8, 9], [10, 11], [12, 13, 14], [15, 16, 17, 18, 19, 20]]
[[1], [2, 3, 4, 5, 6, 7, 8, 9], [10, 11], [12, 13, 14, 15], [16, 17, 18, 19, 20]]
[[1], [2, 3, 4, 5, 6, 7, 8, 9], [10, 11], [12, 13, 14, 15, 16], [17, 18, 19, 20]]
[[1], [2, 3, 4, 5, 6, 7, 8, 9], [10, 11], [12, 13, 14, 15, 16, 17], [18, 19, 20]]
[[1], [2, 3, 4, 5, 6, 7, 8, 9], [10, 11], [12, 13, 14, 15, 16, 17, 18], [19, 20]]
[[1], [2, 3, 4, 5, 6, 7, 8, 9], [10, 11], [12, 13, 14, 15, 16, 17, 18, 19], [20]]
[[1], [2, 3, 4, 5, 6, 7, 8, 9], [10, 11, 12], [13], [14, 15, 16, 17, 18, 19, 20]]
[[1], [2, 3, 4, 5, 6, 7, 8, 9], [10, 11, 12], [13, 14], [15, 16, 17, 18, 19, 20]]
[[1], [2, 3, 4, 5, 6, 7, 8, 9], [10, 11, 12], [13, 14, 15], [16, 17, 18, 19, 20]]
[[1], [2, 3, 4, 5, 6, 7, 8, 9], [10, 11, 12], [13, 14, 15, 16], [17, 18, 19, 20]]
[[1], [2, 3, 4, 5, 6, 7, 8, 9], [10, 11, 12], [13, 14, 15, 16, 17], [18, 19, 20]]
[[1], [2, 3, 4, 5, 6, 7, 8, 9], [10, 11, 12], [13, 14, 15, 16, 17, 18], [19, 20]]
[[1], [2, 3, 4, 5, 6, 7, 8, 9], [10, 11, 12], [13, 14, 15, 16, 17, 18, 19], [20]]
[[1], [2, 3, 4, 5, 6, 7, 8, 9], [10, 11, 12, 13], [14], [15, 16, 17, 18, 19, 20]]
[[1], [2, 3, 4, 5, 6, 7, 8, 9], [10, 11, 12, 13], [14, 15], [16, 17, 18, 19, 20]]
[[1], [2, 3, 4, 5, 6, 7, 8, 9], [10, 11, 12, 13], [14, 15, 16], [17, 18, 19, 20]]
[[1], [2, 3, 4, 5, 6, 7, 8, 9], [10, 11, 12, 13], [14, 15, 16, 17], [18, 19, 20]]
[[1], [2, 3, 4, 5, 6, 7, 8, 9], [10, 11, 12, 13], [14, 15, 16, 17, 18], [19, 20]]
[[1], [2, 3, 4, 5, 6, 7, 8, 9], [10, 11, 12, 13], [14, 15, 16, 17, 18, 19], [20]]
[[1], [2, 3, 4, 5, 6, 7, 8, 9], [10, 11, 12, 13, 14], [15], [16, 17, 18, 19, 20]]
[[1], [2, 3, 4, 5, 6, 7, 8, 9], [10, 11, 12, 13, 14], [15, 16], [17, 18, 19, 20]]
[[1], [2, 3, 4, 5, 6, 7, 8, 9], [10, 11, 12, 13, 14], [15, 16, 17], [18, 19, 20]]
[[1], [2, 3, 4, 5, 6, 7, 8, 9], [10, 11, 12, 13, 14], [15, 16, 17, 18], [19, 20]]
[[1], [2, 3, 4, 5, 6, 7, 8, 9], [10, 11, 12, 13, 14], [15, 16, 17, 18, 19], [20]]
[[1], [2, 3, 4, 5, 6, 7, 8, 9], [10, 11, 12, 13, 14, 15], [16], [17, 18, 19, 20]]
[[1], [2, 3, 4, 5, 6, 7, 8, 9], [10, 11, 12, 13, 14, 15], [16, 17], [18, 19, 20]]
[[1], [2, 3, 4, 5, 6, 7, 8, 9], [10, 11, 12, 13, 14, 15], [16, 17, 18], [19, 20]]
[[1], [2, 3, 4, 5, 6, 7, 8, 9], [10, 11, 12, 13, 14, 15], [16, 17, 18, 19], [20]]
[[1], [2, 3, 4, 5, 6, 7, 8, 9], [10, 11, 12, 13, 14, 15, 16], [17], [18, 19, 20]]
[[1], [2, 3, 4, 5, 6, 7, 8, 9], [10, 11, 12, 13, 14, 15, 16], [17, 18], [19, 20]]
[[1], [2, 3, 4, 5, 6, 7, 8, 9], [10, 11, 12, 13, 14, 15, 16], [17, 18, 19], [20]]
[[1], [2, 3, 4, 5, 6, 7, 8, 9], [10, 11, 12, 13, 14, 15, 16, 17], [18], [19, 20]]
[[1], [2, 3, 4, 5, 6, 7, 8, 9], [10, 11, 12, 13, 14, 15, 16, 17], [18, 19], [20]]
[[1], [2, 3, 4, 5, 6, 7, 8, 9], [10, 11, 12, 13, 14, 15, 16, 17, 18], [19], [20]]
[[1], [2, 3, 4, 5, 6, 7, 8, 9, 10], [11], [12], [13, 14, 15, 16, 17, 18, 19, 20]]
[[1], [2, 3, 4, 5, 6, 7, 8, 9, 10], [11], [12, 13], [14, 15, 16, 17, 18, 19, 20]]
[[1], [2, 3, 4, 5, 6, 7, 8, 9, 10], [11], [12, 13, 14], [15, 16, 17, 18, 19, 20]]
[[1], [2, 3, 4, 5, 6, 7, 8, 9, 10], [11], [12, 13, 14, 15], [16, 17, 18, 19, 20]]
[[1], [2, 3, 4, 5, 6, 7, 8, 9, 10], [11], [12, 13, 14, 15, 16], [17, 18, 19, 20]]
[[1], [2, 3, 4, 5, 6, 7, 8, 9, 10], [11], [12, 13, 14, 15, 16, 17], [18, 19, 20]]
[[1], [2, 3, 4, 5, 6, 7, 8, 9, 10], [11], [12, 13, 14, 15, 16, 17, 18], [19, 20]]
[[1], [2, 3, 4, 5, 6, 7, 8, 9, 10], [11], [12, 13, 14, 15, 16, 17, 18, 19], [20]]
[[1], [2, 3, 4, 5, 6, 7, 8, 9, 10], [11, 12], [13], [14, 15, 16, 17, 18, 19, 20]]
[[1], [2, 3, 4, 5, 6, 7, 8, 9, 10], [11, 12], [13, 14], [15, 16, 17, 18, 19, 20]]
[[1], [2, 3, 4, 5, 6, 7, 8, 9, 10], [11, 12], [13, 14, 15], [16, 17, 18, 19, 20]]
[[1], [2, 3, 4, 5, 6, 7, 8, 9, 10], [11, 12], [13, 14, 15, 16], [17, 18, 19, 20]]
[[1], [2, 3, 4, 5, 6, 7, 8, 9, 10], [11, 12], [13, 14, 15, 16, 17], [18, 19, 20]]
[[1], [2, 3, 4, 5, 6, 7, 8, 9, 10], [11, 12], [13, 14, 15, 16, 17, 18], [19, 20]]
[[1], [2, 3, 4, 5, 6, 7, 8, 9, 10], [11, 12], [13, 14, 15, 16, 17, 18, 19], [20]]
[[1], [2, 3, 4, 5, 6, 7, 8, 9, 10], [11, 12, 13], [14], [15, 16, 17, 18, 19, 20]]
[[1], [2, 3, 4, 5, 6, 7, 8, 9, 10], [11, 12, 13], [14, 15], [16, 17, 18, 19, 20]]
[[1], [2, 3, 4, 5, 6, 7, 8, 9, 10], [11, 12, 13], [14, 15, 16], [17, 18, 19, 20]]
[[1], [2, 3, 4, 5, 6, 7, 8, 9, 10], [11, 12, 13], [14, 15, 16, 17], [18, 19, 20]]
[[1], [2, 3, 4, 5, 6, 7, 8, 9, 10], [11, 12, 13], [14, 15, 16, 17, 18], [19, 20]]
[[1], [2, 3, 4, 5, 6, 7, 8, 9, 10], [11, 12, 13], [14, 15, 16, 17, 18, 19], [20]]
[[1], [2, 3, 4, 5, 6, 7, 8, 9, 10], [11, 12, 13, 14], [15], [16, 17, 18, 19, 20]]
[[1], [2, 3, 4, 5, 6, 7, 8, 9, 10], [11, 12, 13, 14], [15, 16], [17, 18, 19, 20]]
[[1], [2, 3, 4, 5, 6, 7, 8, 9, 10], [11, 12, 13, 14], [15, 16, 17], [18, 19, 20]]
[[1], [2, 3, 4, 5, 6, 7, 8, 9, 10], [11, 12, 13, 14], [15, 16, 17, 18], [19, 20]]
[[1], [2, 3, 4, 5, 6, 7, 8, 9, 10], [11, 12, 13, 14], [15, 16, 17, 18, 19], [20]]
[[1], [2, 3, 4, 5, 6, 7, 8, 9, 10], [11, 12, 13, 14, 15], [16], [17, 18, 19, 20]]
[[1], [2, 3, 4, 5, 6, 7, 8, 9, 10], [11, 12, 13, 14, 15], [16, 17], [18, 19, 20]]
[[1], [2, 3, 4, 5, 6, 7, 8, 9, 10], [11, 12, 13, 14, 15], [16, 17, 18], [19, 20]]
[[1], [2, 3, 4, 5, 6, 7, 8, 9, 10], [11, 12, 13, 14, 15], [16, 17, 18, 19], [20]]
[[1], [2, 3, 4, 5, 6, 7, 8, 9, 10], [11, 12, 13, 14, 15, 16], [17], [18, 19, 20]]
[[1], [2, 3, 4, 5, 6, 7, 8, 9, 10], [11, 12, 13, 14, 15, 16], [17, 18], [19, 20]]
[[1], [2, 3, 4, 5, 6, 7, 8, 9, 10], [11, 12, 13, 14, 15, 16], [17, 18, 19], [20]]
[[1], [2, 3, 4, 5, 6, 7, 8, 9, 10], [11, 12, 13, 14, 15, 16, 17], [18], [19, 20]]
[[1], [2, 3, 4, 5, 6, 7, 8, 9, 10], [11, 12, 13, 14, 15, 16, 17], [18, 19], [20]]
[[1], [2, 3, 4, 5, 6, 7, 8, 9, 10], [11, 12, 13, 14, 15, 16, 17, 18], [19], [20]]
[[1], [2, 3, 4, 5, 6, 7, 8, 9, 10, 11], [12], [13], [14, 15, 16, 17, 18, 19, 20]]
[[1], [2, 3, 4, 5, 6, 7, 8, 9, 10, 11], [12], [13, 14], [15, 16, 17, 18, 19, 20]]
[[1], [2, 3, 4, 5, 6, 7, 8, 9, 10, 11], [12], [13, 14, 15], [16, 17, 18, 19, 20]]
[[1], [2, 3, 4, 5, 6, 7, 8, 9, 10, 11], [12], [13, 14, 15, 16], [17, 18, 19, 20]]
[[1], [2, 3, 4, 5, 6, 7, 8, 9, 10, 11], [12], [13, 14, 15, 16, 17], [18, 19, 20]]
[[1], [2, 3, 4, 5, 6, 7, 8, 9, 10, 11], [12], [13, 14, 15, 16, 17, 18], [19, 20]]
[[1], [2, 3, 4, 5, 6, 7, 8, 9, 10, 11], [12], [13, 14, 15, 16, 17, 18, 19], [20]]
[[1], [2, 3, 4, 5, 6, 7, 8, 9, 10, 11], [12, 13], [14], [15, 16, 17, 18, 19, 20]]
[[1], [2, 3, 4, 5, 6, 7, 8, 9, 10, 11], [12, 13], [14, 15], [16, 17, 18, 19, 20]]
[[1], [2, 3, 4, 5, 6, 7, 8, 9, 10, 11], [12, 13], [14, 15, 16], [17, 18, 19, 20]]
[[1], [2, 3, 4, 5, 6, 7, 8, 9, 10, 11], [12, 13], [14, 15, 16, 17], [18, 19, 20]]
[[1], [2, 3, 4, 5, 6, 7, 8, 9, 10, 11], [12, 13], [14, 15, 16, 17, 18], [19, 20]]
[[1], [2, 3, 4, 5, 6, 7, 8, 9, 10, 11], [12, 13], [14, 15, 16, 17, 18, 19], [20]]
[[1], [2, 3, 4, 5, 6, 7, 8, 9, 10, 11], [12, 13, 14], [15], [16, 17, 18, 19, 20]]
[[1], [2, 3, 4, 5, 6, 7, 8, 9, 10, 11], [12, 13, 14], [15, 16], [17, 18, 19, 20]]
[[1], [2, 3, 4, 5, 6, 7, 8, 9, 10, 11], [12, 13, 14], [15, 16, 17], [18, 19, 20]]
[[1], [2, 3, 4, 5, 6, 7, 8, 9, 10, 11], [12, 13, 14], [15, 16, 17, 18], [19, 20]]
[[1], [2, 3, 4, 5, 6, 7, 8, 9, 10, 11], [12, 13, 14], [15, 16, 17, 18, 19], [20]]
[[1], [2, 3, 4, 5, 6, 7, 8, 9, 10, 11], [12, 13, 14, 15], [16], [17, 18, 19, 20]]
[[1], [2, 3, 4, 5, 6, 7, 8, 9, 10, 11], [12, 13, 14, 15], [16, 17], [18, 19, 20]]
[[1], [2, 3, 4, 5, 6, 7, 8, 9, 10, 11], [12, 13, 14, 15], [16, 17, 18], [19, 20]]
[[1], [2, 3, 4, 5, 6, 7, 8, 9, 10, 11], [12, 13, 14, 15], [16, 17, 18, 19], [20]]
[[1], [2, 3, 4, 5, 6, 7, 8, 9, 10, 11], [12, 13, 14, 15, 16], [17], [18, 19, 20]]
[[1], [2, 3, 4, 5, 6, 7, 8, 9, 10, 11], [12, 13, 14, 15, 16], [17, 18], [19, 20]]
[[1], [2, 3, 4, 5, 6, 7, 8, 9, 10, 11], [12, 13, 14, 15, 16], [17, 18, 19], [20]]
[[1], [2, 3, 4, 5, 6, 7, 8, 9, 10, 11], [12, 13, 14, 15, 16, 17], [18], [19, 20]]
[[1], [2, 3, 4, 5, 6, 7, 8, 9, 10, 11], [12, 13, 14, 15, 16, 17], [18, 19], [20]]
[[1], [2, 3, 4, 5, 6, 7, 8, 9, 10, 11], [12, 13, 14, 15, 16, 17, 18], [19], [20]]
[[1], [2, 3, 4, 5, 6, 7, 8, 9, 10, 11, 12], [13], [14], [15, 16, 17, 18, 19, 20]]
[[1], [2, 3, 4, 5, 6, 7, 8, 9, 10, 11, 12], [13], [14, 15], [16, 17, 18, 19, 20]]
[[1], [2, 3, 4, 5, 6, 7, 8, 9, 10, 11, 12], [13], [14, 15, 16], [17, 18, 19, 20]]
[[1], [2, 3, 4, 5, 6, 7, 8, 9, 10, 11, 12], [13], [14, 15, 16, 17], [18, 19, 20]]
[[1], [2, 3, 4, 5, 6, 7, 8, 9, 10, 11, 12], [13], [14, 15, 16, 17, 18], [19, 20]]
[[1], [2, 3, 4, 5, 6, 7, 8, 9, 10, 11, 12], [13], [14, 15, 16, 17, 18, 19], [20]]
[[1], [2, 3, 4, 5, 6, 7, 8, 9, 10, 11, 12], [13, 14], [15], [16, 17, 18, 19, 20]]
[[1], [2, 3, 4, 5, 6, 7, 8, 9, 10, 11, 12], [13, 14], [15, 16], [17, 18, 19, 20]]
[[1], [2, 3, 4, 5, 6, 7, 8, 9, 10, 11, 12], [13, 14], [15, 16, 17], [18, 19, 20]]
[[1], [2, 3, 4, 5, 6, 7, 8, 9, 10, 11, 12], [13, 14], [15, 16, 17, 18], [19, 20]]
[[1], [2, 3, 4, 5, 6, 7, 8, 9, 10, 11, 12], [13, 14], [15, 16, 17, 18, 19], [20]]
[[1], [2, 3, 4, 5, 6, 7, 8, 9, 10, 11, 12], [13, 14, 15], [16], [17, 18, 19, 20]]
[[1], [2, 3, 4, 5, 6, 7, 8, 9, 10, 11, 12], [13, 14, 15], [16, 17], [18, 19, 20]]
[[1], [2, 3, 4, 5, 6, 7, 8, 9, 10, 11, 12], [13, 14, 15], [16, 17, 18], [19, 20]]
[[1], [2, 3, 4, 5, 6, 7, 8, 9, 10, 11, 12], [13, 14, 15], [16, 17, 18, 19], [20]]
[[1], [2, 3, 4, 5, 6, 7, 8, 9, 10, 11, 12], [13, 14, 15, 16], [17], [18, 19, 20]]
[[1], [2, 3, 4, 5, 6, 7, 8, 9, 10, 11, 12], [13, 14, 15, 16], [17, 18], [19, 20]]
[[1], [2, 3, 4, 5, 6, 7, 8, 9, 10, 11, 12], [13, 14, 15, 16], [17, 18, 19], [20]]
[[1], [2, 3, 4, 5, 6, 7, 8, 9, 10, 11, 12], [13, 14, 15, 16, 17], [18], [19, 20]]
[[1], [2, 3, 4, 5, 6, 7, 8, 9, 10, 11, 12], [13, 14, 15, 16, 17], [18, 19], [20]]
[[1], [2, 3, 4, 5, 6, 7, 8, 9, 10, 11, 12], [13, 14, 15, 16, 17, 18], [19], [20]]
[[1], [2, 3, 4, 5, 6, 7, 8, 9, 10, 11, 12, 13], [14], [15], [16, 17, 18, 19, 20]]
[[1], [2, 3, 4, 5, 6, 7, 8, 9, 10, 11, 12, 13], [14], [15, 16], [17, 18, 19, 20]]
[[1], [2, 3, 4, 5, 6, 7, 8, 9, 10, 11, 12, 13], [14], [15, 16, 17], [18, 19, 20]]
[[1], [2, 3, 4, 5, 6, 7, 8, 9, 10, 11, 12, 13], [14], [15, 16, 17, 18], [19, 20]]
[[1], [2, 3, 4, 5, 6, 7, 8, 9, 10, 11, 12, 13], [14], [15, 16, 17, 18, 19], [20]]
[[1], [2, 3, 4, 5, 6, 7, 8, 9, 10, 11, 12, 13], [14, 15], [16], [17, 18, 19, 20]]
[[1], [2, 3, 4, 5, 6, 7, 8, 9, 10, 11, 12, 13], [14, 15], [16, 17], [18, 19, 20]]
[[1], [2, 3, 4, 5, 6, 7, 8, 9, 10, 11, 12, 13], [14, 15], [16, 17, 18], [19, 20]]
[[1], [2, 3, 4, 5, 6, 7, 8, 9, 10, 11, 12, 13], [14, 15], [16, 17, 18, 19], [20]]
[[1], [2, 3, 4, 5, 6, 7, 8, 9, 10, 11, 12, 13], [14, 15, 16], [17], [18, 19, 20]]
[[1], [2, 3, 4, 5, 6, 7, 8, 9, 10, 11, 12, 13], [14, 15, 16], [17, 18], [19, 20]]
[[1], [2, 3, 4, 5, 6, 7, 8, 9, 10, 11, 12, 13], [14, 15, 16], [17, 18, 19], [20]]
[[1], [2, 3, 4, 5, 6, 7, 8, 9, 10, 11, 12, 13], [14, 15, 16, 17], [18], [19, 20]]
[[1], [2, 3, 4, 5, 6, 7, 8, 9, 10, 11, 12, 13], [14, 15, 16, 17], [18, 19], [20]]
[[1], [2, 3, 4, 5, 6, 7, 8, 9, 10, 11, 12, 13], [14, 15, 16, 17, 18], [19], [20]]
[[1], [2, 3, 4, 5, 6, 7, 8, 9, 10, 11, 12, 13, 14], [15], [16], [17, 18, 19, 20]]
[[1], [2, 3, 4, 5, 6, 7, 8, 9, 10, 11, 12, 13, 14], [15], [16, 17], [18, 19, 20]]
[[1], [2, 3, 4, 5, 6, 7, 8, 9, 10, 11, 12, 13, 14], [15], [16, 17, 18], [19, 20]]
[[1], [2, 3, 4, 5, 6, 7, 8, 9, 10, 11, 12, 13, 14], [15], [16, 17, 18, 19], [20]]
[[1], [2, 3, 4, 5, 6, 7, 8, 9, 10, 11, 12, 13, 14], [15, 16], [17], [18, 19, 20]]
[[1], [2, 3, 4, 5, 6, 7, 8, 9, 10, 11, 12, 13, 14], [15, 16], [17, 18], [19, 20]]
[[1], [2, 3, 4, 5, 6, 7, 8, 9, 10, 11, 12, 13, 14], [15, 16], [17, 18, 19], [20]]
[[1], [2, 3, 4, 5, 6, 7, 8, 9, 10, 11, 12, 13, 14], [15, 16, 17], [18], [19, 20]]
[[1], [2, 3, 4, 5, 6, 7, 8, 9, 10, 11, 12, 13, 14], [15, 16, 17], [18, 19], [20]]
[[1], [2, 3, 4, 5, 6, 7, 8, 9, 10, 11, 12, 13, 14], [15, 16, 17, 18], [19], [20]]
[[1], [2, 3, 4, 5, 6, 7, 8, 9, 10, 11, 12, 13, 14, 15], [16], [17], [18, 19, 20]]
[[1], [2, 3, 4, 5, 6, 7, 8, 9, 10, 11, 12, 13, 14, 15], [16], [17, 18], [19, 20]]
[[1], [2, 3, 4, 5, 6, 7, 8, 9, 10, 11, 12, 13, 14, 15], [16], [17, 18, 19], [20]]
[[1], [2, 3, 4, 5, 6, 7, 8, 9, 10, 11, 12, 13, 14, 15], [16, 17], [18], [19, 20]]
[[1], [2, 3, 4, 5, 6, 7, 8, 9, 10, 11, 12, 13, 14, 15], [16, 17], [18, 19], [20]]
[[1], [2, 3, 4, 5, 6, 7, 8, 9, 10, 11, 12, 13, 14, 15], [16, 17, 18], [19], [20]]
[[1], [2, 3, 4, 5, 6, 7, 8, 9, 10, 11, 12, 13, 14, 15, 16], [17], [18], [19, 20]]
[[1], [2, 3, 4, 5, 6, 7, 8, 9, 10, 11, 12, 13, 14, 15, 16], [17], [18, 19], [20]]
[[1], [2, 3, 4, 5, 6, 7, 8, 9, 10, 11, 12, 13, 14, 15, 16], [17, 18], [19], [20]]
[[1], [2, 3, 4, 5, 6, 7, 8, 9, 10, 11, 12, 13, 14, 15, 16, 17], [18], [19], [20]]
[[1, 2], [3], [4], [5], [6, 7, 8, 9, 10, 11, 12, 13, 14, 15, 16, 17, 18, 19, 20]]
[[1, 2], [3], [4], [5, 6], [7, 8, 9, 10, 11, 12, 13, 14, 15, 16, 17, 18, 19, 20]]
[[1, 2], [3], [4], [5, 6, 7], [8, 9, 10, 11, 12, 13, 14, 15, 16, 17, 18, 19, 20]]
[[1, 2], [3], [4], [5, 6, 7, 8], [9, 10, 11, 12, 13, 14, 15, 16, 17, 18, 19, 20]]
[[1, 2], [3], [4], [5, 6, 7, 8, 9], [10, 11, 12, 13, 14, 15, 16, 17, 18, 19, 20]]
[[1, 2], [3], [4], [5, 6, 7, 8, 9, 10], [11, 12, 13, 14, 15, 16, 17, 18, 19, 20]]
[[1, 2], [3], [4], [5, 6, 7, 8, 9, 10, 11], [12, 13, 14, 15, 16, 17, 18, 19, 20]]
[[1, 2], [3], [4], [5, 6, 7, 8, 9, 10, 11, 12], [13, 14, 15, 16, 17, 18, 19, 20]]
[[1, 2], [3], [4], [5, 6, 7, 8, 9, 10, 11, 12, 13], [14, 15, 16, 17, 18, 19, 20]]
[[1, 2], [3], [4], [5, 6, 7, 8, 9, 10, 11, 12, 13, 14], [15, 16, 17, 18, 19, 20]]
[[1, 2], [3], [4], [5, 6, 7, 8, 9, 10, 11, 12, 13, 14, 15], [16, 17, 18, 19, 20]]
[[1, 2], [3], [4], [5, 6, 7, 8, 9, 10, 11, 12, 13, 14, 15, 16], [17, 18, 19, 20]]
[[1, 2], [3], [4], [5, 6, 7, 8, 9, 10, 11, 12, 13, 14, 15, 16, 17], [18, 19, 20]]
[[1, 2], [3], [4], [5, 6, 7, 8, 9, 10, 11, 12, 13, 14, 15, 16, 17, 18], [19, 20]]
[[1, 2], [3], [4], [5, 6, 7, 8, 9, 10, 11, 12, 13, 14, 15, 16, 17, 18, 19], [20]]
[[1, 2], [3], [4, 5], [6], [7, 8, 9, 10, 11, 12, 13, 14, 15, 16, 17, 18, 19, 20]]
[[1, 2], [3], [4, 5], [6, 7], [8, 9, 10, 11, 12, 13, 14, 15, 16, 17, 18, 19, 20]]
[[1, 2], [3], [4, 5], [6, 7, 8], [9, 10, 11, 12, 13, 14, 15, 16, 17, 18, 19, 20]]
[[1, 2], [3], [4, 5], [6, 7, 8, 9], [10, 11, 12, 13, 14, 15, 16, 17, 18, 19, 20]]
[[1, 2], [3], [4, 5], [6, 7, 8, 9, 10], [11, 12, 13, 14, 15, 16, 17, 18, 19, 20]]
[[1, 2], [3], [4, 5], [6, 7, 8, 9, 10, 11], [12, 13, 14, 15, 16, 17, 18, 19, 20]]
[[1, 2], [3], [4, 5], [6, 7, 8, 9, 10, 11, 12], [13, 14, 15, 16, 17, 18, 19, 20]]
[[1, 2], [3], [4, 5], [6, 7, 8, 9, 10, 11, 12, 13], [14, 15, 16, 17, 18, 19, 20]]
[[1, 2], [3], [4, 5], [6, 7, 8, 9, 10, 11, 12, 13, 14], [15, 16, 17, 18, 19, 20]]
[[1, 2], [3], [4, 5], [6, 7, 8, 9, 10, 11, 12, 13, 14, 15], [16, 17, 18, 19, 20]]
[[1, 2], [3], [4, 5], [6, 7, 8, 9, 10, 11, 12, 13, 14, 15, 16], [17, 18, 19, 20]]
[[1, 2], [3], [4, 5], [6, 7, 8, 9, 10, 11, 12, 13, 14, 15, 16, 17], [18, 19, 20]]
[[1, 2], [3], [4, 5], [6, 7, 8, 9, 10, 11, 12, 13, 14, 15, 16, 17, 18], [19, 20]]
[[1, 2], [3], [4, 5], [6, 7, 8, 9, 10, 11, 12, 13, 14, 15, 16, 17, 18, 19], [20]]
[[1, 2], [3], [4, 5, 6], [7], [8, 9, 10, 11, 12, 13, 14, 15, 16, 17, 18, 19, 20]]
[[1, 2], [3], [4, 5, 6], [7, 8], [9, 10, 11, 12, 13, 14, 15, 16, 17, 18, 19, 20]]
[[1, 2], [3], [4, 5, 6], [7, 8, 9], [10, 11, 12, 13, 14, 15, 16, 17, 18, 19, 20]]
[[1, 2], [3], [4, 5, 6], [7, 8, 9, 10], [11, 12, 13, 14, 15, 16, 17, 18, 19, 20]]
[[1, 2], [3], [4, 5, 6], [7, 8, 9, 10, 11], [12, 13, 14, 15, 16, 17, 18, 19, 20]]
[[1, 2], [3], [4, 5, 6], [7, 8, 9, 10, 11, 12], [13, 14, 15, 16, 17, 18, 19, 20]]
[[1, 2], [3], [4, 5, 6], [7, 8, 9, 10, 11, 12, 13], [14, 15, 16, 17, 18, 19, 20]]
[[1, 2], [3], [4, 5, 6], [7, 8, 9, 10, 11, 12, 13, 14], [15, 16, 17, 18, 19, 20]]
[[1, 2], [3], [4, 5, 6], [7, 8, 9, 10, 11, 12, 13, 14, 15], [16, 17, 18, 19, 20]]
[[1, 2], [3], [4, 5, 6], [7, 8, 9, 10, 11, 12, 13, 14, 15, 16], [17, 18, 19, 20]]
[[1, 2], [3], [4, 5, 6], [7, 8, 9, 10, 11, 12, 13, 14, 15, 16, 17], [18, 19, 20]]
[[1, 2], [3], [4, 5, 6], [7, 8, 9, 10, 11, 12, 13, 14, 15, 16, 17, 18], [19, 20]]
[[1, 2], [3], [4, 5, 6], [7, 8, 9, 10, 11, 12, 13, 14, 15, 16, 17, 18, 19], [20]]
[[1, 2], [3], [4, 5, 6, 7], [8], [9, 10, 11, 12, 13, 14, 15, 16, 17, 18, 19, 20]]
[[1, 2], [3], [4, 5, 6, 7], [8, 9], [10, 11, 12, 13, 14, 15, 16, 17, 18, 19, 20]]
[[1, 2], [3], [4, 5, 6, 7], [8, 9, 10], [11, 12, 13, 14, 15, 16, 17, 18, 19, 20]]
[[1, 2], [3], [4, 5, 6, 7], [8, 9, 10, 11], [12, 13, 14, 15, 16, 17, 18, 19, 20]]
[[1, 2], [3], [4, 5, 6, 7], [8, 9, 10, 11, 12], [13, 14, 15, 16, 17, 18, 19, 20]]
[[1, 2], [3], [4, 5, 6, 7], [8, 9, 10, 11, 12, 13], [14, 15, 16, 17, 18, 19, 20]]
[[1, 2], [3], [4, 5, 6, 7], [8, 9, 10, 11, 12, 13, 14], [15, 16, 17, 18, 19, 20]]
[[1, 2], [3], [4, 5, 6, 7], [8, 9, 10, 11, 12, 13, 14, 15], [16, 17, 18, 19, 20]]
[[1, 2], [3], [4, 5, 6, 7], [8, 9, 10, 11, 12, 13, 14, 15, 16], [17, 18, 19, 20]]
[[1, 2], [3], [4, 5, 6, 7], [8, 9, 10, 11, 12, 13, 14, 15, 16, 17], [18, 19, 20]]
[[1, 2], [3], [4, 5, 6, 7], [8, 9, 10, 11, 12, 13, 14, 15, 16, 17, 18], [19, 20]]
[[1, 2], [3], [4, 5, 6, 7], [8, 9, 10, 11, 12, 13, 14, 15, 16, 17, 18, 19], [20]]
[[1, 2], [3], [4, 5, 6, 7, 8], [9], [10, 11, 12, 13, 14, 15, 16, 17, 18, 19, 20]]
[[1, 2], [3], [4, 5, 6, 7, 8], [9, 10], [11, 12, 13, 14, 15, 16, 17, 18, 19, 20]]
[[1, 2], [3], [4, 5, 6, 7, 8], [9, 10, 11], [12, 13, 14, 15, 16, 17, 18, 19, 20]]
[[1, 2], [3], [4, 5, 6, 7, 8], [9, 10, 11, 12], [13, 14, 15, 16, 17, 18, 19, 20]]
[[1, 2], [3], [4, 5, 6, 7, 8], [9, 10, 11, 12, 13], [14, 15, 16, 17, 18, 19, 20]]
[[1, 2], [3], [4, 5, 6, 7, 8], [9, 10, 11, 12, 13, 14], [15, 16, 17, 18, 19, 20]]
[[1, 2], [3], [4, 5, 6, 7, 8], [9, 10, 11, 12, 13, 14, 15], [16, 17, 18, 19, 20]]
[[1, 2], [3], [4, 5, 6, 7, 8], [9, 10, 11, 12, 13, 14, 15, 16], [17, 18, 19, 20]]
[[1, 2], [3], [4, 5, 6, 7, 8], [9, 10, 11, 12, 13, 14, 15, 16, 17], [18, 19, 20]]
[[1, 2], [3], [4, 5, 6, 7, 8], [9, 10, 11, 12, 13, 14, 15, 16, 17, 18], [19, 20]]
[[1, 2], [3], [4, 5, 6, 7, 8], [9, 10, 11, 12, 13, 14, 15, 16, 17, 18, 19], [20]]
[[1, 2], [3], [4, 5, 6, 7, 8, 9], [10], [11, 12, 13, 14, 15, 16, 17, 18, 19, 20]]
[[1, 2], [3], [4, 5, 6, 7, 8, 9], [10, 11], [12, 13, 14, 15, 16, 17, 18, 19, 20]]
[[1, 2], [3], [4, 5, 6, 7, 8, 9], [10, 11, 12], [13, 14, 15, 16, 17, 18, 19, 20]]
[[1, 2], [3], [4, 5, 6, 7, 8, 9], [10, 11, 12, 13], [14, 15, 16, 17, 18, 19, 20]]
[[1, 2], [3], [4, 5, 6, 7, 8, 9], [10, 11, 12, 13, 14], [15, 16, 17, 18, 19, 20]]
[[1, 2], [3], [4, 5, 6, 7, 8, 9], [10, 11, 12, 13, 14, 15], [16, 17, 18, 19, 20]]
[[1, 2], [3], [4, 5, 6, 7, 8, 9], [10, 11, 12, 13, 14, 15, 16], [17, 18, 19, 20]]
[[1, 2], [3], [4, 5, 6, 7, 8, 9], [10, 11, 12, 13, 14, 15, 16, 17], [18, 19, 20]]
[[1, 2], [3], [4, 5, 6, 7, 8, 9], [10, 11, 12, 13, 14, 15, 16, 17, 18], [19, 20]]
[[1, 2], [3], [4, 5, 6, 7, 8, 9], [10, 11, 12, 13, 14, 15, 16, 17, 18, 19], [20]]
[[1, 2], [3], [4, 5, 6, 7, 8, 9, 10], [11], [12, 13, 14, 15, 16, 17, 18, 19, 20]]
[[1, 2], [3], [4, 5, 6, 7, 8, 9, 10], [11, 12], [13, 14, 15, 16, 17, 18, 19, 20]]
[[1, 2], [3], [4, 5, 6, 7, 8, 9, 10], [11, 12, 13], [14, 15, 16, 17, 18, 19, 20]]
[[1, 2], [3], [4, 5, 6, 7, 8, 9, 10], [11, 12, 13, 14], [15, 16, 17, 18, 19, 20]]
[[1, 2], [3], [4, 5, 6, 7, 8, 9, 10], [11, 12, 13, 14, 15], [16, 17, 18, 19, 20]]
[[1, 2], [3], [4, 5, 6, 7, 8, 9, 10], [11, 12, 13, 14, 15, 16], [17, 18, 19, 20]]
[[1, 2], [3], [4, 5, 6, 7, 8, 9, 10], [11, 12, 13, 14, 15, 16, 17], [18, 19, 20]]
[[1, 2], [3], [4, 5, 6, 7, 8, 9, 10], [11, 12, 13, 14, 15, 16, 17, 18], [19, 20]]
[[1, 2], [3], [4, 5, 6, 7, 8, 9, 10], [11, 12, 13, 14, 15, 16, 17, 18, 19], [20]]
[[1, 2], [3], [4, 5, 6, 7, 8, 9, 10, 11], [12], [13, 14, 15, 16, 17, 18, 19, 20]]
[[1, 2], [3], [4, 5, 6, 7, 8, 9, 10, 11], [12, 13], [14, 15, 16, 17, 18, 19, 20]]
[[1, 2], [3], [4, 5, 6, 7, 8, 9, 10, 11], [12, 13, 14], [15, 16, 17, 18, 19, 20]]
[[1, 2], [3], [4, 5, 6, 7, 8, 9, 10, 11], [12, 13, 14, 15], [16, 17, 18, 19, 20]]
[[1, 2], [3], [4, 5, 6, 7, 8, 9, 10, 11], [12, 13, 14, 15, 16], [17, 18, 19, 20]]
[[1, 2], [3], [4, 5, 6, 7, 8, 9, 10, 11], [12, 13, 14, 15, 16, 17], [18, 19, 20]]
[[1, 2], [3], [4, 5, 6, 7, 8, 9, 10, 11], [12, 13, 14, 15, 16, 17, 18], [19, 20]]
[[1, 2], [3], [4, 5, 6, 7, 8, 9, 10, 11], [12, 13, 14, 15, 16, 17, 18, 19], [20]]
[[1, 2], [3], [4, 5, 6, 7, 8, 9, 10, 11, 12], [13], [14, 15, 16, 17, 18, 19, 20]]
[[1, 2], [3], [4, 5, 6, 7, 8, 9, 10, 11, 12], [13, 14], [15, 16, 17, 18, 19, 20]]
[[1, 2], [3], [4, 5, 6, 7, 8, 9, 10, 11, 12], [13, 14, 15], [16, 17, 18, 19, 20]]
[[1, 2], [3], [4, 5, 6, 7, 8, 9, 10, 11, 12], [13, 14, 15, 16], [17, 18, 19, 20]]
[[1, 2], [3], [4, 5, 6, 7, 8, 9, 10, 11, 12], [13, 14, 15, 16, 17], [18, 19, 20]]
[[1, 2], [3], [4, 5, 6, 7, 8, 9, 10, 11, 12], [13, 14, 15, 16, 17, 18], [19, 20]]
[[1, 2], [3], [4, 5, 6, 7, 8, 9, 10, 11, 12], [13, 14, 15, 16, 17, 18, 19], [20]]
[[1, 2], [3], [4, 5, 6, 7, 8, 9, 10, 11, 12, 13], [14], [15, 16, 17, 18, 19, 20]]
[[1, 2], [3], [4, 5, 6, 7, 8, 9, 10, 11, 12, 13], [14, 15], [16, 17, 18, 19, 20]]
[[1, 2], [3], [4, 5, 6, 7, 8, 9, 10, 11, 12, 13], [14, 15, 16], [17, 18, 19, 20]]
[[1, 2], [3], [4, 5, 6, 7, 8, 9, 10, 11, 12, 13], [14, 15, 16, 17], [18, 19, 20]]
[[1, 2], [3], [4, 5, 6, 7, 8, 9, 10, 11, 12, 13], [14, 15, 16, 17, 18], [19, 20]]
[[1, 2], [3], [4, 5, 6, 7, 8, 9, 10, 11, 12, 13], [14, 15, 16, 17, 18, 19], [20]]
[[1, 2], [3], [4, 5, 6, 7, 8, 9, 10, 11, 12, 13, 14], [15], [16, 17, 18, 19, 20]]
[[1, 2], [3], [4, 5, 6, 7, 8, 9, 10, 11, 12, 13, 14], [15, 16], [17, 18, 19, 20]]
[[1, 2], [3], [4, 5, 6, 7, 8, 9, 10, 11, 12, 13, 14], [15, 16, 17], [18, 19, 20]]
[[1, 2], [3], [4, 5, 6, 7, 8, 9, 10, 11, 12, 13, 14], [15, 16, 17, 18], [19, 20]]
[[1, 2], [3], [4, 5, 6, 7, 8, 9, 10, 11, 12, 13, 14], [15, 16, 17, 18, 19], [20]]
[[1, 2], [3], [4, 5, 6, 7, 8, 9, 10, 11, 12, 13, 14, 15], [16], [17, 18, 19, 20]]
[[1, 2], [3], [4, 5, 6, 7, 8, 9, 10, 11, 12, 13, 14, 15], [16, 17], [18, 19, 20]]
[[1, 2], [3], [4, 5, 6, 7, 8, 9, 10, 11, 12, 13, 14, 15], [16, 17, 18], [19, 20]]
[[1, 2], [3], [4, 5, 6, 7, 8, 9, 10, 11, 12, 13, 14, 15], [16, 17, 18, 19], [20]]
[[1, 2], [3], [4, 5, 6, 7, 8, 9, 10, 11, 12, 13, 14, 15, 16], [17], [18, 19, 20]]
[[1, 2], [3], [4, 5, 6, 7, 8, 9, 10, 11, 12, 13, 14, 15, 16], [17, 18], [19, 20]]
[[1, 2], [3], [4, 5, 6, 7, 8, 9, 10, 11, 12, 13, 14, 15, 16], [17, 18, 19], [20]]
[[1, 2], [3], [4, 5, 6, 7, 8, 9, 10, 11, 12, 13, 14, 15, 16, 17], [18], [19, 20]]
[[1, 2], [3], [4, 5, 6, 7, 8, 9, 10, 11, 12, 13, 14, 15, 16, 17], [18, 19], [20]]
[[1, 2], [3], [4, 5, 6, 7, 8, 9, 10, 11, 12, 13, 14, 15, 16, 17, 18], [19], [20]]
[[1, 2], [3, 4], [5], [6], [7, 8, 9, 10, 11, 12, 13, 14, 15, 16, 17, 18, 19, 20]]
[...]
[[1, 2, 3, 4, 5, 6, 7, 8, 9], [10, 11, 12, 13], [14], [15, 16, 17], [18, 19, 20]]
[[1, 2, 3, 4, 5, 6, 7, 8, 9], [10, 11, 12, 13], [14], [15, 16, 17, 18], [19, 20]]
[[1, 2, 3, 4, 5, 6, 7, 8, 9], [10, 11, 12, 13], [14], [15, 16, 17, 18, 19], [20]]
[[1, 2, 3, 4, 5, 6, 7, 8, 9], [10, 11, 12, 13], [14, 15], [16], [17, 18, 19, 20]]
[[1, 2, 3, 4, 5, 6, 7, 8, 9], [10, 11, 12, 13], [14, 15], [16, 17], [18, 19, 20]]
[[1, 2, 3, 4, 5, 6, 7, 8, 9], [10, 11, 12, 13], [14, 15], [16, 17, 18], [19, 20]]
[[1, 2, 3, 4, 5, 6, 7, 8, 9], [10, 11, 12, 13], [14, 15], [16, 17, 18, 19], [20]]
[[1, 2, 3, 4, 5, 6, 7, 8, 9], [10, 11, 12, 13], [14, 15, 16], [17], [18, 19, 20]]
[[1, 2, 3, 4, 5, 6, 7, 8, 9], [10, 11, 12, 13], [14, 15, 16], [17, 18], [19, 20]]
[[1, 2, 3, 4, 5, 6, 7, 8, 9], [10, 11, 12, 13], [14, 15, 16], [17, 18, 19], [20]]
[[1, 2, 3, 4, 5, 6, 7, 8, 9], [10, 11, 12, 13], [14, 15, 16, 17], [18], [19, 20]]
[[1, 2, 3, 4, 5, 6, 7, 8, 9], [10, 11, 12, 13], [14, 15, 16, 17], [18, 19], [20]]
[[1, 2, 3, 4, 5, 6, 7, 8, 9], [10, 11, 12, 13], [14, 15, 16, 17, 18], [19], [20]]
[[1, 2, 3, 4, 5, 6, 7, 8, 9], [10, 11, 12, 13, 14], [15], [16], [17, 18, 19, 20]]
[[1, 2, 3, 4, 5, 6, 7, 8, 9], [10, 11, 12, 13, 14], [15], [16, 17], [18, 19, 20]]
[[1, 2, 3, 4, 5, 6, 7, 8, 9], [10, 11, 12, 13, 14], [15], [16, 17, 18], [19, 20]]
[[1, 2, 3, 4, 5, 6, 7, 8, 9], [10, 11, 12, 13, 14], [15], [16, 17, 18, 19], [20]]
[[1, 2, 3, 4, 5, 6, 7, 8, 9], [10, 11, 12, 13, 14], [15, 16], [17], [18, 19, 20]]
[[1, 2, 3, 4, 5, 6, 7, 8, 9], [10, 11, 12, 13, 14], [15, 16], [17, 18], [19, 20]]
[[1, 2, 3, 4, 5, 6, 7, 8, 9], [10, 11, 12, 13, 14], [15, 16], [17, 18, 19], [20]]
[[1, 2, 3, 4, 5, 6, 7, 8, 9], [10, 11, 12, 13, 14], [15, 16, 17], [18], [19, 20]]
[[1, 2, 3, 4, 5, 6, 7, 8, 9], [10, 11, 12, 13, 14], [15, 16, 17], [18, 19], [20]]
[[1, 2, 3, 4, 5, 6, 7, 8, 9], [10, 11, 12, 13, 14], [15, 16, 17, 18], [19], [20]]
[[1, 2, 3, 4, 5, 6, 7, 8, 9], [10, 11, 12, 13, 14, 15], [16], [17], [18, 19, 20]]
[[1, 2, 3, 4, 5, 6, 7, 8, 9], [10, 11, 12, 13, 14, 15], [16], [17, 18], [19, 20]]
[[1, 2, 3, 4, 5, 6, 7, 8, 9], [10, 11, 12, 13, 14, 15], [16], [17, 18, 19], [20]]
[[1, 2, 3, 4, 5, 6, 7, 8, 9], [10, 11, 12, 13, 14, 15], [16, 17], [18], [19, 20]]
[[1, 2, 3, 4, 5, 6, 7, 8, 9], [10, 11, 12, 13, 14, 15], [16, 17], [18, 19], [20]]
[[1, 2, 3, 4, 5, 6, 7, 8, 9], [10, 11, 12, 13, 14, 15], [16, 17, 18], [19], [20]]
[[1, 2, 3, 4, 5, 6, 7, 8, 9], [10, 11, 12, 13, 14, 15, 16], [17], [18], [19, 20]]
[[1, 2, 3, 4, 5, 6, 7, 8, 9], [10, 11, 12, 13, 14, 15, 16], [17], [18, 19], [20]]
[[1, 2, 3, 4, 5, 6, 7, 8, 9], [10, 11, 12, 13, 14, 15, 16], [17, 18], [19], [20]]
[[1, 2, 3, 4, 5, 6, 7, 8, 9], [10, 11, 12, 13, 14, 15, 16, 17], [18], [19], [20]]
[[1, 2, 3, 4, 5, 6, 7, 8, 9, 10], [11], [12], [13], [14, 15, 16, 17, 18, 19, 20]]
[[1, 2, 3, 4, 5, 6, 7, 8, 9, 10], [11], [12], [13, 14], [15, 16, 17, 18, 19, 20]]
[[1, 2, 3, 4, 5, 6, 7, 8, 9, 10], [11], [12], [13, 14, 15], [16, 17, 18, 19, 20]]
[[1, 2, 3, 4, 5, 6, 7, 8, 9, 10], [11], [12], [13, 14, 15, 16], [17, 18, 19, 20]]
[[1, 2, 3, 4, 5, 6, 7, 8, 9, 10], [11], [12], [13, 14, 15, 16, 17], [18, 19, 20]]
[[1, 2, 3, 4, 5, 6, 7, 8, 9, 10], [11], [12], [13, 14, 15, 16, 17, 18], [19, 20]]
[[1, 2, 3, 4, 5, 6, 7, 8, 9, 10], [11], [12], [13, 14, 15, 16, 17, 18, 19], [20]]
[[1, 2, 3, 4, 5, 6, 7, 8, 9, 10], [11], [12, 13], [14], [15, 16, 17, 18, 19, 20]]
[[1, 2, 3, 4, 5, 6, 7, 8, 9, 10], [11], [12, 13], [14, 15], [16, 17, 18, 19, 20]]
[[1, 2, 3, 4, 5, 6, 7, 8, 9, 10], [11], [12, 13], [14, 15, 16], [17, 18, 19, 20]]
[[1, 2, 3, 4, 5, 6, 7, 8, 9, 10], [11], [12, 13], [14, 15, 16, 17], [18, 19, 20]]
[[1, 2, 3, 4, 5, 6, 7, 8, 9, 10], [11], [12, 13], [14, 15, 16, 17, 18], [19, 20]]
[[1, 2, 3, 4, 5, 6, 7, 8, 9, 10], [11], [12, 13], [14, 15, 16, 17, 18, 19], [20]]
[[1, 2, 3, 4, 5, 6, 7, 8, 9, 10], [11], [12, 13, 14], [15], [16, 17, 18, 19, 20]]
[[1, 2, 3, 4, 5, 6, 7, 8, 9, 10], [11], [12, 13, 14], [15, 16], [17, 18, 19, 20]]
[[1, 2, 3, 4, 5, 6, 7, 8, 9, 10], [11], [12, 13, 14], [15, 16, 17], [18, 19, 20]]
[[1, 2, 3, 4, 5, 6, 7, 8, 9, 10], [11], [12, 13, 14], [15, 16, 17, 18], [19, 20]]
[[1, 2, 3, 4, 5, 6, 7, 8, 9, 10], [11], [12, 13, 14], [15, 16, 17, 18, 19], [20]]
[[1, 2, 3, 4, 5, 6, 7, 8, 9, 10], [11], [12, 13, 14, 15], [16], [17, 18, 19, 20]]
[[1, 2, 3, 4, 5, 6, 7, 8, 9, 10], [11], [12, 13, 14, 15], [16, 17], [18, 19, 20]]
[[1, 2, 3, 4, 5, 6, 7, 8, 9, 10], [11], [12, 13, 14, 15], [16, 17, 18], [19, 20]]
[[1, 2, 3, 4, 5, 6, 7, 8, 9, 10], [11], [12, 13, 14, 15], [16, 17, 18, 19], [20]]
[[1, 2, 3, 4, 5, 6, 7, 8, 9, 10], [11], [12, 13, 14, 15, 16], [17], [18, 19, 20]]
[[1, 2, 3, 4, 5, 6, 7, 8, 9, 10], [11], [12, 13, 14, 15, 16], [17, 18], [19, 20]]
[[1, 2, 3, 4, 5, 6, 7, 8, 9, 10], [11], [12, 13, 14, 15, 16], [17, 18, 19], [20]]
[[1, 2, 3, 4, 5, 6, 7, 8, 9, 10], [11], [12, 13, 14, 15, 16, 17], [18], [19, 20]]
[[1, 2, 3, 4, 5, 6, 7, 8, 9, 10], [11], [12, 13, 14, 15, 16, 17], [18, 19], [20]]
[[1, 2, 3, 4, 5, 6, 7, 8, 9, 10], [11], [12, 13, 14, 15, 16, 17, 18], [19], [20]]
[[1, 2, 3, 4, 5, 6, 7, 8, 9, 10], [11, 12], [13], [14], [15, 16, 17, 18, 19, 20]]
[[1, 2, 3, 4, 5, 6, 7, 8, 9, 10], [11, 12], [13], [14, 15], [16, 17, 18, 19, 20]]
[[1, 2, 3, 4, 5, 6, 7, 8, 9, 10], [11, 12], [13], [14, 15, 16], [17, 18, 19, 20]]
[[1, 2, 3, 4, 5, 6, 7, 8, 9, 10], [11, 12], [13], [14, 15, 16, 17], [18, 19, 20]]
[[1, 2, 3, 4, 5, 6, 7, 8, 9, 10], [11, 12], [13], [14, 15, 16, 17, 18], [19, 20]]
[[1, 2, 3, 4, 5, 6, 7, 8, 9, 10], [11, 12], [13], [14, 15, 16, 17, 18, 19], [20]]
[[1, 2, 3, 4, 5, 6, 7, 8, 9, 10], [11, 12], [13, 14], [15], [16, 17, 18, 19, 20]]
[[1, 2, 3, 4, 5, 6, 7, 8, 9, 10], [11, 12], [13, 14], [15, 16], [17, 18, 19, 20]]
[[1, 2, 3, 4, 5, 6, 7, 8, 9, 10], [11, 12], [13, 14], [15, 16, 17], [18, 19, 20]]
[[1, 2, 3, 4, 5, 6, 7, 8, 9, 10], [11, 12], [13, 14], [15, 16, 17, 18], [19, 20]]
[[1, 2, 3, 4, 5, 6, 7, 8, 9, 10], [11, 12], [13, 14], [15, 16, 17, 18, 19], [20]]
[[1, 2, 3, 4, 5, 6, 7, 8, 9, 10], [11, 12], [13, 14, 15], [16], [17, 18, 19, 20]]
[[1, 2, 3, 4, 5, 6, 7, 8, 9, 10], [11, 12], [13, 14, 15], [16, 17], [18, 19, 20]]
[[1, 2, 3, 4, 5, 6, 7, 8, 9, 10], [11, 12], [13, 14, 15], [16, 17, 18], [19, 20]]
[[1, 2, 3, 4, 5, 6, 7, 8, 9, 10], [11, 12], [13, 14, 15], [16, 17, 18, 19], [20]]
[[1, 2, 3, 4, 5, 6, 7, 8, 9, 10], [11, 12], [13, 14, 15, 16], [17], [18, 19, 20]]
[[1, 2, 3, 4, 5, 6, 7, 8, 9, 10], [11, 12], [13, 14, 15, 16], [17, 18], [19, 20]]
[[1, 2, 3, 4, 5, 6, 7, 8, 9, 10], [11, 12], [13, 14, 15, 16], [17, 18, 19], [20]]
[[1, 2, 3, 4, 5, 6, 7, 8, 9, 10], [11, 12], [13, 14, 15, 16, 17], [18], [19, 20]]
[[1, 2, 3, 4, 5, 6, 7, 8, 9, 10], [11, 12], [13, 14, 15, 16, 17], [18, 19], [20]]
[[1, 2, 3, 4, 5, 6, 7, 8, 9, 10], [11, 12], [13, 14, 15, 16, 17, 18], [19], [20]]
[[1, 2, 3, 4, 5, 6, 7, 8, 9, 10], [11, 12, 13], [14], [15], [16, 17, 18, 19, 20]]
[[1, 2, 3, 4, 5, 6, 7, 8, 9, 10], [11, 12, 13], [14], [15, 16], [17, 18, 19, 20]]
[[1, 2, 3, 4, 5, 6, 7, 8, 9, 10], [11, 12, 13], [14], [15, 16, 17], [18, 19, 20]]
[[1, 2, 3, 4, 5, 6, 7, 8, 9, 10], [11, 12, 13], [14], [15, 16, 17, 18], [19, 20]]
[[1, 2, 3, 4, 5, 6, 7, 8, 9, 10], [11, 12, 13], [14], [15, 16, 17, 18, 19], [20]]
[[1, 2, 3, 4, 5, 6, 7, 8, 9, 10], [11, 12, 13], [14, 15], [16], [17, 18, 19, 20]]
[[1, 2, 3, 4, 5, 6, 7, 8, 9, 10], [11, 12, 13], [14, 15], [16, 17], [18, 19, 20]]
[[1, 2, 3, 4, 5, 6, 7, 8, 9, 10], [11, 12, 13], [14, 15], [16, 17, 18], [19, 20]]
[[1, 2, 3, 4, 5, 6, 7, 8, 9, 10], [11, 12, 13], [14, 15], [16, 17, 18, 19], [20]]
[[1, 2, 3, 4, 5, 6, 7, 8, 9, 10], [11, 12, 13], [14, 15, 16], [17], [18, 19, 20]]
[[1, 2, 3, 4, 5, 6, 7, 8, 9, 10], [11, 12, 13], [14, 15, 16], [17, 18], [19, 20]]
[[1, 2, 3, 4, 5, 6, 7, 8, 9, 10], [11, 12, 13], [14, 15, 16], [17, 18, 19], [20]]
[[1, 2, 3, 4, 5, 6, 7, 8, 9, 10], [11, 12, 13], [14, 15, 16, 17], [18], [19, 20]]
[[1, 2, 3, 4, 5, 6, 7, 8, 9, 10], [11, 12, 13], [14, 15, 16, 17], [18, 19], [20]]
[[1, 2, 3, 4, 5, 6, 7, 8, 9, 10], [11, 12, 13], [14, 15, 16, 17, 18], [19], [20]]
[[1, 2, 3, 4, 5, 6, 7, 8, 9, 10], [11, 12, 13, 14], [15], [16], [17, 18, 19, 20]]
[[1, 2, 3, 4, 5, 6, 7, 8, 9, 10], [11, 12, 13, 14], [15], [16, 17], [18, 19, 20]]
[[1, 2, 3, 4, 5, 6, 7, 8, 9, 10], [11, 12, 13, 14], [15], [16, 17, 18], [19, 20]]
[[1, 2, 3, 4, 5, 6, 7, 8, 9, 10], [11, 12, 13, 14], [15], [16, 17, 18, 19], [20]]
[[1, 2, 3, 4, 5, 6, 7, 8, 9, 10], [11, 12, 13, 14], [15, 16], [17], [18, 19, 20]]
[[1, 2, 3, 4, 5, 6, 7, 8, 9, 10], [11, 12, 13, 14], [15, 16], [17, 18], [19, 20]]
[[1, 2, 3, 4, 5, 6, 7, 8, 9, 10], [11, 12, 13, 14], [15, 16], [17, 18, 19], [20]]
[[1, 2, 3, 4, 5, 6, 7, 8, 9, 10], [11, 12, 13, 14], [15, 16, 17], [18], [19, 20]]
[[1, 2, 3, 4, 5, 6, 7, 8, 9, 10], [11, 12, 13, 14], [15, 16, 17], [18, 19], [20]]
[[1, 2, 3, 4, 5, 6, 7, 8, 9, 10], [11, 12, 13, 14], [15, 16, 17, 18], [19], [20]]
[[1, 2, 3, 4, 5, 6, 7, 8, 9, 10], [11, 12, 13, 14, 15], [16], [17], [18, 19, 20]]
[[1, 2, 3, 4, 5, 6, 7, 8, 9, 10], [11, 12, 13, 14, 15], [16], [17, 18], [19, 20]]
[[1, 2, 3, 4, 5, 6, 7, 8, 9, 10], [11, 12, 13, 14, 15], [16], [17, 18, 19], [20]]
[[1, 2, 3, 4, 5, 6, 7, 8, 9, 10], [11, 12, 13, 14, 15], [16, 17], [18], [19, 20]]
[[1, 2, 3, 4, 5, 6, 7, 8, 9, 10], [11, 12, 13, 14, 15], [16, 17], [18, 19], [20]]
[[1, 2, 3, 4, 5, 6, 7, 8, 9, 10], [11, 12, 13, 14, 15], [16, 17, 18], [19], [20]]
[[1, 2, 3, 4, 5, 6, 7, 8, 9, 10], [11, 12, 13, 14, 15, 16], [17], [18], [19, 20]]
[[1, 2, 3, 4, 5, 6, 7, 8, 9, 10], [11, 12, 13, 14, 15, 16], [17], [18, 19], [20]]
[[1, 2, 3, 4, 5, 6, 7, 8, 9, 10], [11, 12, 13, 14, 15, 16], [17, 18], [19], [20]]
[[1, 2, 3, 4, 5, 6, 7, 8, 9, 10], [11, 12, 13, 14, 15, 16, 17], [18], [19], [20]]
[[1, 2, 3, 4, 5, 6, 7, 8, 9, 10, 11], [12], [13], [14], [15, 16, 17, 18, 19, 20]]
[[1, 2, 3, 4, 5, 6, 7, 8, 9, 10, 11], [12], [13], [14, 15], [16, 17, 18, 19, 20]]
[[1, 2, 3, 4, 5, 6, 7, 8, 9, 10, 11], [12], [13], [14, 15, 16], [17, 18, 19, 20]]
[[1, 2, 3, 4, 5, 6, 7, 8, 9, 10, 11], [12], [13], [14, 15, 16, 17], [18, 19, 20]]
[[1, 2, 3, 4, 5, 6, 7, 8, 9, 10, 11], [12], [13], [14, 15, 16, 17, 18], [19, 20]]
[[1, 2, 3, 4, 5, 6, 7, 8, 9, 10, 11], [12], [13], [14, 15, 16, 17, 18, 19], [20]]
[[1, 2, 3, 4, 5, 6, 7, 8, 9, 10, 11], [12], [13, 14], [15], [16, 17, 18, 19, 20]]
[[1, 2, 3, 4, 5, 6, 7, 8, 9, 10, 11], [12], [13, 14], [15, 16], [17, 18, 19, 20]]
[[1, 2, 3, 4, 5, 6, 7, 8, 9, 10, 11], [12], [13, 14], [15, 16, 17], [18, 19, 20]]
[[1, 2, 3, 4, 5, 6, 7, 8, 9, 10, 11], [12], [13, 14], [15, 16, 17, 18], [19, 20]]
[[1, 2, 3, 4, 5, 6, 7, 8, 9, 10, 11], [12], [13, 14], [15, 16, 17, 18, 19], [20]]
[[1, 2, 3, 4, 5, 6, 7, 8, 9, 10, 11], [12], [13, 14, 15], [16], [17, 18, 19, 20]]
[[1, 2, 3, 4, 5, 6, 7, 8, 9, 10, 11], [12], [13, 14, 15], [16, 17], [18, 19, 20]]
[[1, 2, 3, 4, 5, 6, 7, 8, 9, 10, 11], [12], [13, 14, 15], [16, 17, 18], [19, 20]]
[[1, 2, 3, 4, 5, 6, 7, 8, 9, 10, 11], [12], [13, 14, 15], [16, 17, 18, 19], [20]]
[[1, 2, 3, 4, 5, 6, 7, 8, 9, 10, 11], [12], [13, 14, 15, 16], [17], [18, 19, 20]]
[[1, 2, 3, 4, 5, 6, 7, 8, 9, 10, 11], [12], [13, 14, 15, 16], [17, 18], [19, 20]]
[[1, 2, 3, 4, 5, 6, 7, 8, 9, 10, 11], [12], [13, 14, 15, 16], [17, 18, 19], [20]]
[[1, 2, 3, 4, 5, 6, 7, 8, 9, 10, 11], [12], [13, 14, 15, 16, 17], [18], [19, 20]]
[[1, 2, 3, 4, 5, 6, 7, 8, 9, 10, 11], [12], [13, 14, 15, 16, 17], [18, 19], [20]]
[[1, 2, 3, 4, 5, 6, 7, 8, 9, 10, 11], [12], [13, 14, 15, 16, 17, 18], [19], [20]]
[[1, 2, 3, 4, 5, 6, 7, 8, 9, 10, 11], [12, 13], [14], [15], [16, 17, 18, 19, 20]]
[[1, 2, 3, 4, 5, 6, 7, 8, 9, 10, 11], [12, 13], [14], [15, 16], [17, 18, 19, 20]]
[[1, 2, 3, 4, 5, 6, 7, 8, 9, 10, 11], [12, 13], [14], [15, 16, 17], [18, 19, 20]]
[[1, 2, 3, 4, 5, 6, 7, 8, 9, 10, 11], [12, 13], [14], [15, 16, 17, 18], [19, 20]]
[[1, 2, 3, 4, 5, 6, 7, 8, 9, 10, 11], [12, 13], [14], [15, 16, 17, 18, 19], [20]]
[[1, 2, 3, 4, 5, 6, 7, 8, 9, 10, 11], [12, 13], [14, 15], [16], [17, 18, 19, 20]]
[[1, 2, 3, 4, 5, 6, 7, 8, 9, 10, 11], [12, 13], [14, 15], [16, 17], [18, 19, 20]]
[[1, 2, 3, 4, 5, 6, 7, 8, 9, 10, 11], [12, 13], [14, 15], [16, 17, 18], [19, 20]]
[[1, 2, 3, 4, 5, 6, 7, 8, 9, 10, 11], [12, 13], [14, 15], [16, 17, 18, 19], [20]]
[[1, 2, 3, 4, 5, 6, 7, 8, 9, 10, 11], [12, 13], [14, 15, 16], [17], [18, 19, 20]]
[[1, 2, 3, 4, 5, 6, 7, 8, 9, 10, 11], [12, 13], [14, 15, 16], [17, 18], [19, 20]]
[[1, 2, 3, 4, 5, 6, 7, 8, 9, 10, 11], [12, 13], [14, 15, 16], [17, 18, 19], [20]]
[[1, 2, 3, 4, 5, 6, 7, 8, 9, 10, 11], [12, 13], [14, 15, 16, 17], [18], [19, 20]]
[[1, 2, 3, 4, 5, 6, 7, 8, 9, 10, 11], [12, 13], [14, 15, 16, 17], [18, 19], [20]]
[[1, 2, 3, 4, 5, 6, 7, 8, 9, 10, 11], [12, 13], [14, 15, 16, 17, 18], [19], [20]]
[[1, 2, 3, 4, 5, 6, 7, 8, 9, 10, 11], [12, 13, 14], [15], [16], [17, 18, 19, 20]]
[[1, 2, 3, 4, 5, 6, 7, 8, 9, 10, 11], [12, 13, 14], [15], [16, 17], [18, 19, 20]]
[[1, 2, 3, 4, 5, 6, 7, 8, 9, 10, 11], [12, 13, 14], [15], [16, 17, 18], [19, 20]]
[[1, 2, 3, 4, 5, 6, 7, 8, 9, 10, 11], [12, 13, 14], [15], [16, 17, 18, 19], [20]]
[[1, 2, 3, 4, 5, 6, 7, 8, 9, 10, 11], [12, 13, 14], [15, 16], [17], [18, 19, 20]]
[[1, 2, 3, 4, 5, 6, 7, 8, 9, 10, 11], [12, 13, 14], [15, 16], [17, 18], [19, 20]]
[[1, 2, 3, 4, 5, 6, 7, 8, 9, 10, 11], [12, 13, 14], [15, 16], [17, 18, 19], [20]]
[[1, 2, 3, 4, 5, 6, 7, 8, 9, 10, 11], [12, 13, 14], [15, 16, 17], [18], [19, 20]]
[[1, 2, 3, 4, 5, 6, 7, 8, 9, 10, 11], [12, 13, 14], [15, 16, 17], [18, 19], [20]]
[[1, 2, 3, 4, 5, 6, 7, 8, 9, 10, 11], [12, 13, 14], [15, 16, 17, 18], [19], [20]]
[[1, 2, 3, 4, 5, 6, 7, 8, 9, 10, 11], [12, 13, 14, 15], [16], [17], [18, 19, 20]]
[[1, 2, 3, 4, 5, 6, 7, 8, 9, 10, 11], [12, 13, 14, 15], [16], [17, 18], [19, 20]]
[[1, 2, 3, 4, 5, 6, 7, 8, 9, 10, 11], [12, 13, 14, 15], [16], [17, 18, 19], [20]]
[[1, 2, 3, 4, 5, 6, 7, 8, 9, 10, 11], [12, 13, 14, 15], [16, 17], [18], [19, 20]]
[[1, 2, 3, 4, 5, 6, 7, 8, 9, 10, 11], [12, 13, 14, 15], [16, 17], [18, 19], [20]]
[[1, 2, 3, 4, 5, 6, 7, 8, 9, 10, 11], [12, 13, 14, 15], [16, 17, 18], [19], [20]]
[[1, 2, 3, 4, 5, 6, 7, 8, 9, 10, 11], [12, 13, 14, 15, 16], [17], [18], [19, 20]]
[[1, 2, 3, 4, 5, 6, 7, 8, 9, 10, 11], [12, 13, 14, 15, 16], [17], [18, 19], [20]]
[[1, 2, 3, 4, 5, 6, 7, 8, 9, 10, 11], [12, 13, 14, 15, 16], [17, 18], [19], [20]]
[[1, 2, 3, 4, 5, 6, 7, 8, 9, 10, 11], [12, 13, 14, 15, 16, 17], [18], [19], [20]]
[[1, 2, 3, 4, 5, 6, 7, 8, 9, 10, 11, 12], [13], [14], [15], [16, 17, 18, 19, 20]]
[[1, 2, 3, 4, 5, 6, 7, 8, 9, 10, 11, 12], [13], [14], [15, 16], [17, 18, 19, 20]]
[[1, 2, 3, 4, 5, 6, 7, 8, 9, 10, 11, 12], [13], [14], [15, 16, 17], [18, 19, 20]]
[[1, 2, 3, 4, 5, 6, 7, 8, 9, 10, 11, 12], [13], [14], [15, 16, 17, 18], [19, 20]]
[[1, 2, 3, 4, 5, 6, 7, 8, 9, 10, 11, 12], [13], [14], [15, 16, 17, 18, 19], [20]]
[[1, 2, 3, 4, 5, 6, 7, 8, 9, 10, 11, 12], [13], [14, 15], [16], [17, 18, 19, 20]]
[[1, 2, 3, 4, 5, 6, 7, 8, 9, 10, 11, 12], [13], [14, 15], [16, 17], [18, 19, 20]]
[[1, 2, 3, 4, 5, 6, 7, 8, 9, 10, 11, 12], [13], [14, 15], [16, 17, 18], [19, 20]]
[[1, 2, 3, 4, 5, 6, 7, 8, 9, 10, 11, 12], [13], [14, 15], [16, 17, 18, 19], [20]]
[[1, 2, 3, 4, 5, 6, 7, 8, 9, 10, 11, 12], [13], [14, 15, 16], [17], [18, 19, 20]]
[[1, 2, 3, 4, 5, 6, 7, 8, 9, 10, 11, 12], [13], [14, 15, 16], [17, 18], [19, 20]]
[[1, 2, 3, 4, 5, 6, 7, 8, 9, 10, 11, 12], [13], [14, 15, 16], [17, 18, 19], [20]]
[[1, 2, 3, 4, 5, 6, 7, 8, 9, 10, 11, 12], [13], [14, 15, 16, 17], [18], [19, 20]]
[[1, 2, 3, 4, 5, 6, 7, 8, 9, 10, 11, 12], [13], [14, 15, 16, 17], [18, 19], [20]]
[[1, 2, 3, 4, 5, 6, 7, 8, 9, 10, 11, 12], [13], [14, 15, 16, 17, 18], [19], [20]]
[[1, 2, 3, 4, 5, 6, 7, 8, 9, 10, 11, 12], [13, 14], [15], [16], [17, 18, 19, 20]]
[[1, 2, 3, 4, 5, 6, 7, 8, 9, 10, 11, 12], [13, 14], [15], [16, 17], [18, 19, 20]]
[[1, 2, 3, 4, 5, 6, 7, 8, 9, 10, 11, 12], [13, 14], [15], [16, 17, 18], [19, 20]]
[[1, 2, 3, 4, 5, 6, 7, 8, 9, 10, 11, 12], [13, 14], [15], [16, 17, 18, 19], [20]]
[[1, 2, 3, 4, 5, 6, 7, 8, 9, 10, 11, 12], [13, 14], [15, 16], [17], [18, 19, 20]]
[[1, 2, 3, 4, 5, 6, 7, 8, 9, 10, 11, 12], [13, 14], [15, 16], [17, 18], [19, 20]]
[[1, 2, 3, 4, 5, 6, 7, 8, 9, 10, 11, 12], [13, 14], [15, 16], [17, 18, 19], [20]]
[[1, 2, 3, 4, 5, 6, 7, 8, 9, 10, 11, 12], [13, 14], [15, 16, 17], [18], [19, 20]]
[[1, 2, 3, 4, 5, 6, 7, 8, 9, 10, 11, 12], [13, 14], [15, 16, 17], [18, 19], [20]]
[[1, 2, 3, 4, 5, 6, 7, 8, 9, 10, 11, 12], [13, 14], [15, 16, 17, 18], [19], [20]]
[[1, 2, 3, 4, 5, 6, 7, 8, 9, 10, 11, 12], [13, 14, 15], [16], [17], [18, 19, 20]]
[[1, 2, 3, 4, 5, 6, 7, 8, 9, 10, 11, 12], [13, 14, 15], [16], [17, 18], [19, 20]]
[[1, 2, 3, 4, 5, 6, 7, 8, 9, 10, 11, 12], [13, 14, 15], [16], [17, 18, 19], [20]]
[[1, 2, 3, 4, 5, 6, 7, 8, 9, 10, 11, 12], [13, 14, 15], [16, 17], [18], [19, 20]]
[[1, 2, 3, 4, 5, 6, 7, 8, 9, 10, 11, 12], [13, 14, 15], [16, 17], [18, 19], [20]]
[[1, 2, 3, 4, 5, 6, 7, 8, 9, 10, 11, 12], [13, 14, 15], [16, 17, 18], [19], [20]]
[[1, 2, 3, 4, 5, 6, 7, 8, 9, 10, 11, 12], [13, 14, 15, 16], [17], [18], [19, 20]]
[[1, 2, 3, 4, 5, 6, 7, 8, 9, 10, 11, 12], [13, 14, 15, 16], [17], [18, 19], [20]]
[[1, 2, 3, 4, 5, 6, 7, 8, 9, 10, 11, 12], [13, 14, 15, 16], [17, 18], [19], [20]]
[[1, 2, 3, 4, 5, 6, 7, 8, 9, 10, 11, 12], [13, 14, 15, 16, 17], [18], [19], [20]]
[[1, 2, 3, 4, 5, 6, 7, 8, 9, 10, 11, 12, 13], [14], [15], [16], [17, 18, 19, 20]]
[[1, 2, 3, 4, 5, 6, 7, 8, 9, 10, 11, 12, 13], [14], [15], [16, 17], [18, 19, 20]]
[[1, 2, 3, 4, 5, 6, 7, 8, 9, 10, 11, 12, 13], [14], [15], [16, 17, 18], [19, 20]]
[[1, 2, 3, 4, 5, 6, 7, 8, 9, 10, 11, 12, 13], [14], [15], [16, 17, 18, 19], [20]]
[[1, 2, 3, 4, 5, 6, 7, 8, 9, 10, 11, 12, 13], [14], [15, 16], [17], [18, 19, 20]]
[[1, 2, 3, 4, 5, 6, 7, 8, 9, 10, 11, 12, 13], [14], [15, 16], [17, 18], [19, 20]]
[[1, 2, 3, 4, 5, 6, 7, 8, 9, 10, 11, 12, 13], [14], [15, 16], [17, 18, 19], [20]]
[[1, 2, 3, 4, 5, 6, 7, 8, 9, 10, 11, 12, 13], [14], [15, 16, 17], [18], [19, 20]]
[[1, 2, 3, 4, 5, 6, 7, 8, 9, 10, 11, 12, 13], [14], [15, 16, 17], [18, 19], [20]]
[[1, 2, 3, 4, 5, 6, 7, 8, 9, 10, 11, 12, 13], [14], [15, 16, 17, 18], [19], [20]]
[[1, 2, 3, 4, 5, 6, 7, 8, 9, 10, 11, 12, 13], [14, 15], [16], [17], [18, 19, 20]]
[[1, 2, 3, 4, 5, 6, 7, 8, 9, 10, 11, 12, 13], [14, 15], [16], [17, 18], [19, 20]]
[[1, 2, 3, 4, 5, 6, 7, 8, 9, 10, 11, 12, 13], [14, 15], [16], [17, 18, 19], [20]]
[[1, 2, 3, 4, 5, 6, 7, 8, 9, 10, 11, 12, 13], [14, 15], [16, 17], [18], [19, 20]]
[[1, 2, 3, 4, 5, 6, 7, 8, 9, 10, 11, 12, 13], [14, 15], [16, 17], [18, 19], [20]]
[[1, 2, 3, 4, 5, 6, 7, 8, 9, 10, 11, 12, 13], [14, 15], [16, 17, 18], [19], [20]]
[[1, 2, 3, 4, 5, 6, 7, 8, 9, 10, 11, 12, 13], [14, 15, 16], [17], [18], [19, 20]]
[[1, 2, 3, 4, 5, 6, 7, 8, 9, 10, 11, 12, 13], [14, 15, 16], [17], [18, 19], [20]]
[[1, 2, 3, 4, 5, 6, 7, 8, 9, 10, 11, 12, 13], [14, 15, 16], [17, 18], [19], [20]]
[[1, 2, 3, 4, 5, 6, 7, 8, 9, 10, 11, 12, 13], [14, 15, 16, 17], [18], [19], [20]]
[[1, 2, 3, 4, 5, 6, 7, 8, 9, 10, 11, 12, 13, 14], [15], [16], [17], [18, 19, 20]]
[[1, 2, 3, 4, 5, 6, 7, 8, 9, 10, 11, 12, 13, 14], [15], [16], [17, 18], [19, 20]]
[[1, 2, 3, 4, 5, 6, 7, 8, 9, 10, 11, 12, 13, 14], [15], [16], [17, 18, 19], [20]]
[[1, 2, 3, 4, 5, 6, 7, 8, 9, 10, 11, 12, 13, 14], [15], [16, 17], [18], [19, 20]]
[[1, 2, 3, 4, 5, 6, 7, 8, 9, 10, 11, 12, 13, 14], [15], [16, 17], [18, 19], [20]]
[[1, 2, 3, 4, 5, 6, 7, 8, 9, 10, 11, 12, 13, 14], [15], [16, 17, 18], [19], [20]]
[[1, 2, 3, 4, 5, 6, 7, 8, 9, 10, 11, 12, 13, 14], [15, 16], [17], [18], [19, 20]]
[[1, 2, 3, 4, 5, 6, 7, 8, 9, 10, 11, 12, 13, 14], [15, 16], [17], [18, 19], [20]]
[[1, 2, 3, 4, 5, 6, 7, 8, 9, 10, 11, 12, 13, 14], [15, 16], [17, 18], [19], [20]]
[[1, 2, 3, 4, 5, 6, 7, 8, 9, 10, 11, 12, 13, 14], [15, 16, 17], [18], [19], [20]]
[[1, 2, 3, 4, 5, 6, 7, 8, 9, 10, 11, 12, 13, 14, 15], [16], [17], [18], [19, 20]]
[[1, 2, 3, 4, 5, 6, 7, 8, 9, 10, 11, 12, 13, 14, 15], [16], [17], [18, 19], [20]]
[[1, 2, 3, 4, 5, 6, 7, 8, 9, 10, 11, 12, 13, 14, 15], [16], [17, 18], [19], [20]]
[[1, 2, 3, 4, 5, 6, 7, 8, 9, 10, 11, 12, 13, 14, 15], [16, 17], [18], [19], [20]]
[[1, 2, 3, 4, 5, 6, 7, 8, 9, 10, 11, 12, 13, 14, 15, 16], [17], [18], [19], [20]]
]]></system-out>
  <system-err><![CDATA[]]></system-err>
</testsuite>
